<?xml version="1.0" encoding="UTF-8"?>
<testng-results skipped="0" failed="4" total="34" passed="30">
  <reporter-output>
    <line>
      <![CDATA[<div id='E-vyskyt-konkretnich-udaju-firefox-container' style='margin-bottom: 10px; padding-bottom: 5px; border-bottom: 1px dashed #cecece;'><strong>E-vyskyt-konkretnich-udaju-firefox</strong> (<a href='#E-vyskyt-konkretnich-udaju-firefox-container' onclick='showSolution("E-vyskyt-konkretnich-udaju-firefox", this);'>Show/Hide extended information</a>)</div><div id='E-vyskyt-konkretnich-udaju-firefox' style='display: none;'><div style='text-align: center; padding: 10px; border-top: 1px solid #000; border-bottom: 1px solid #000;'><strong>############### Suite: E-vyskyt-konkretnich-udaju-firefox ###############</strong></div><h3>Suite information:</h3><div style='width: 98%; background: #f5f5f5; padding: 10px;'><strong>info about system</strong> = Bretick / Java 1.7.0 (Oracle Corporation) / Windows 7 6.1 (x86)<br /><strong>suite.name</strong> = E-vyskyt-konkretnich-udaju-firefox<br /><strong>selenium.url</strong> = http://is.muni.cz<br /><strong>selenium.browserDriver</strong> = MOZILLA_FIREFOX</div><h3>Reporter log:</h3>]]>
    </line>
    <line>
      <![CDATA[<div style='margin-bottom: 10px; text-align: center; padding: 10px; border-top: 1px dashed #777; border-bottom: 1px dashed #777; color: #777;'><strong>Test: UCE01_TC01-zalozka-skolitel</strong></div>]]>
    </line>
    <line>
      <![CDATA[<div id='E-vyskyt-konkretnich-udaju-firefox2011-12-27-20-32-33checkRoleDoctoralStudentsmain@118829800-container' style='width: 98%; background: #e0e0e0; padding: 10px; margin-bottom: 10px;'><strong>checkRoleDoctoralStudents</strong> at [2011-12-27 20:32:33] with invocation order 0<br /><br />tests.AgendaLide.checkRoleDoctoralStudents(tests.AgendaLide$SupervisorTabData, java.lang.String, java.lang.String)<br /><em>Checks name and topic for block of information: Doctoral students.</em><br /><br /><a href='#E-vyskyt-konkretnich-udaju-firefox2011-12-27-20-32-33checkRoleDoctoralStudentsmain@118829800-container' onclick='showSolution("E-vyskyt-konkretnich-udaju-firefox2011-12-27-20-32-33checkRoleDoctoralStudentsmain@118829800", this);'>Show/Hide test method steps</a><ol id='E-vyskyt-konkretnich-udaju-firefox2011-12-27-20-32-33checkRoleDoctoralStudentsmain@118829800' style='display: none; margin: 0px; padding-left: 30px; margin-top: 10px;'>]]>
    </line>
    <line>
      <![CDATA[<li style='background-color: #fcfcfc; padding: 4px; border-top: 1px solid #dbdbdb; font-size: 90%;'>No data from dataprovider</li>]]>
    </line>
    <line>
      <![CDATA[</ol><div style='color: white; background: green; padding: 4px; margin-top: 15px;'><strong>SUCCES</strong></div></div>]]>
    </line>
    <line>
      <![CDATA[<div id='E-vyskyt-konkretnich-udaju-firefox2011-12-27-20-32-33checkRoleDoctoralStudentsmain@118829801-container' style='width: 98%; background: #e0e0e0; padding: 10px; margin-bottom: 10px;'><strong>checkRoleDoctoralStudents</strong> at [2011-12-27 20:32:33] with invocation order 1<br /><br />tests.AgendaLide.checkRoleDoctoralStudents(tests.AgendaLide$SupervisorTabData, java.lang.String, java.lang.String)<br /><em>Checks name and topic for block of information: Doctoral students.</em><br /><br /><a href='#E-vyskyt-konkretnich-udaju-firefox2011-12-27-20-32-33checkRoleDoctoralStudentsmain@118829801-container' onclick='showSolution("E-vyskyt-konkretnich-udaju-firefox2011-12-27-20-32-33checkRoleDoctoralStudentsmain@118829801", this);'>Show/Hide test method steps</a><ol id='E-vyskyt-konkretnich-udaju-firefox2011-12-27-20-32-33checkRoleDoctoralStudentsmain@118829801' style='display: none; margin: 0px; padding-left: 30px; margin-top: 10px;'>]]>
    </line>
    <line>
      <![CDATA[<li style='background-color: #f8f8f8; padding: 4px; border-top: 1px solid #dbdbdb; font-size: 90%;'>No data from dataprovider</li>]]>
    </line>
    <line>
      <![CDATA[</ol><div style='color: white; background: green; padding: 4px; margin-top: 15px;'><strong>SUCCES</strong></div></div>]]>
    </line>
    <line>
      <![CDATA[<div id='E-vyskyt-konkretnich-udaju-firefox2011-12-27-20-32-33checkRoleDoctoralStudentsmain@118829802-container' style='width: 98%; background: #e0e0e0; padding: 10px; margin-bottom: 10px;'><strong>checkRoleDoctoralStudents</strong> at [2011-12-27 20:32:33] with invocation order 2<br /><br />tests.AgendaLide.checkRoleDoctoralStudents(tests.AgendaLide$SupervisorTabData, java.lang.String, java.lang.String)<br /><em>Checks name and topic for block of information: Doctoral students.</em><br /><br /><a href='#E-vyskyt-konkretnich-udaju-firefox2011-12-27-20-32-33checkRoleDoctoralStudentsmain@118829802-container' onclick='showSolution("E-vyskyt-konkretnich-udaju-firefox2011-12-27-20-32-33checkRoleDoctoralStudentsmain@118829802", this);'>Show/Hide test method steps</a><ol id='E-vyskyt-konkretnich-udaju-firefox2011-12-27-20-32-33checkRoleDoctoralStudentsmain@118829802' style='display: none; margin: 0px; padding-left: 30px; margin-top: 10px;'>]]>
    </line>
    <line>
      <![CDATA[<li style='background-color: #fcfcfc; padding: 4px; border-top: 1px solid #dbdbdb; font-size: 90%;'>Open personal page "2221"</li>]]>
    </line>
    <line>
      <![CDATA[<li style='background-color: #f8f8f8; padding: 4px; border-top: 1px solid #dbdbdb; font-size: 90%;'>Verify page title "Osobní stránka"</li>]]>
    </line>
    <line>
      <![CDATA[<li style='background-color: #fcfcfc; padding: 4px; border-top: 1px solid #dbdbdb; font-size: 90%;'>Verify personal page by "učo 2221"</li>]]>
    </line>
    <line>
      <![CDATA[<li style='background-color: #f8f8f8; padding: 4px; border-top: 1px solid #dbdbdb; font-size: 90%;'>Click on specific tab to show "#skolitel"</li>]]>
    </line>
    <line>
      <![CDATA[<li style='background-color: #fcfcfc; padding: 4px; border-top: 1px solid #dbdbdb; font-size: 90%;'>Wait for element "css=div#_skolitel h4:nth(0)"</li>]]>
    </line>
    <line>
      <![CDATA[<li style='background-color: #f8f8f8; padding: 4px; border-top: 1px solid #dbdbdb; font-size: 90%;'>Verify that "css=div#_skolitel h4:contains('Doktorští studenti') + ul>li>a:nth(0)" contains "Robert Helán"</li>]]>
    </line>
    <line>
      <![CDATA[<li style='background-color: #fcfcfc; padding: 4px; border-top: 1px solid #dbdbdb; font-size: 90%;'>Verify that "css=div#_skolitel h4:contains('Doktorští studenti') + ul>li:nth(0)>ul>li>i" matches "Analysis of Written Discourse - Medical Case Reports"</li>]]>
    </line>
    <line>
      <![CDATA[<li style='background-color: #f8f8f8; padding: 4px; border-top: 1px solid #dbdbdb; font-size: 90%;'>Verify that "css=div#_skolitel h4:contains('Doktorští studenti') + ul>li>a:nth(1)" contains "Anna Polonska"</li>]]>
    </line>
    <line>
      <![CDATA[<li style='background-color: #fcfcfc; padding: 4px; border-top: 1px solid #dbdbdb; font-size: 90%;'>Verify that "css=div#_skolitel h4:contains('Doktorští studenti') + ul>li:nth(1)>ul>li>i" matches "Analýza diskurzu v anglické komedii"</li>]]>
    </line>
    <line>
      <![CDATA[<li style='background-color: #f8f8f8; padding: 4px; border-top: 1px solid #dbdbdb; font-size: 90%;'>Verify that "css=div#_skolitel h4:contains('Doktorští studenti') + ul>li>a:nth(2)" contains "Šárka Hastrdlová"</li>]]>
    </line>
    <line>
      <![CDATA[<li style='background-color: #fcfcfc; padding: 4px; border-top: 1px solid #dbdbdb; font-size: 90%;'>Verify that "css=div#_skolitel h4:contains('Doktorští studenti') + ul>li:nth(2)>ul>li>i" matches "Language of Internet Relay Chat"</li>]]>
    </line>
    <line>
      <![CDATA[<li style='background-color: #f8f8f8; padding: 4px; border-top: 1px solid #dbdbdb; font-size: 90%;'>Verify that "css=div#_skolitel h4:contains('Doktorští studenti') + ul>li>a:nth(3)" contains "Eva Mittnerová"</li>]]>
    </line>
    <line>
      <![CDATA[<li style='background-color: #fcfcfc; padding: 4px; border-top: 1px solid #dbdbdb; font-size: 90%;'>Verify that "css=div#_skolitel h4:contains('Doktorští studenti') + ul>li:nth(3)>ul>li>i" matches "Sociolinguistic Aspects of Discussion Forums"</li>]]>
    </line>
    <line>
      <![CDATA[<li style='background-color: #f8f8f8; padding: 4px; border-top: 1px solid #dbdbdb; font-size: 90%;'>Verify that "css=div#_skolitel h4:contains('Doktorští studenti') + ul>li>a:nth(4)" contains "Lenka Drábková"</li>]]>
    </line>
    <line>
      <![CDATA[<li style='background-color: #fcfcfc; padding: 4px; border-top: 1px solid #dbdbdb; font-size: 90%;'>Verify that "css=div#_skolitel h4:contains('Doktorští studenti') + ul>li:nth(4)>ul>li>i" matches "A Corporeal Analysis of English and Czech Nominal Business Collocations"</li>]]>
    </line>
    <line>
      <![CDATA[</ol><div style='color: white; background: green; padding: 4px; margin-top: 15px;'><strong>SUCCES</strong></div></div>]]>
    </line>
    <line>
      <![CDATA[<div id='E-vyskyt-konkretnich-udaju-firefox2011-12-27-20-32-43checkRoleDoctoralConsultantmain@118829800-container' style='width: 98%; background: #e0e0e0; padding: 10px; margin-bottom: 10px;'><strong>checkRoleDoctoralConsultant</strong> at [2011-12-27 20:32:43] with invocation order 0<br /><br />tests.AgendaLide.checkRoleDoctoralConsultant(tests.AgendaLide$SupervisorTabData, java.lang.String, java.lang.String)<br /><em>Checks name and topic for block of information: Doctoral students' consultant.</em><br /><br /><a href='#E-vyskyt-konkretnich-udaju-firefox2011-12-27-20-32-43checkRoleDoctoralConsultantmain@118829800-container' onclick='showSolution("E-vyskyt-konkretnich-udaju-firefox2011-12-27-20-32-43checkRoleDoctoralConsultantmain@118829800", this);'>Show/Hide test method steps</a><ol id='E-vyskyt-konkretnich-udaju-firefox2011-12-27-20-32-43checkRoleDoctoralConsultantmain@118829800' style='display: none; margin: 0px; padding-left: 30px; margin-top: 10px;'>]]>
    </line>
    <line>
      <![CDATA[<li style='background-color: #f8f8f8; padding: 4px; border-top: 1px solid #dbdbdb; font-size: 90%;'>No data from dataprovider</li>]]>
    </line>
    <line>
      <![CDATA[</ol><div style='color: white; background: green; padding: 4px; margin-top: 15px;'><strong>SUCCES</strong></div></div>]]>
    </line>
    <line>
      <![CDATA[<div id='E-vyskyt-konkretnich-udaju-firefox2011-12-27-20-32-43checkRoleDoctoralConsultantmain@118829801-container' style='width: 98%; background: #e0e0e0; padding: 10px; margin-bottom: 10px;'><strong>checkRoleDoctoralConsultant</strong> at [2011-12-27 20:32:43] with invocation order 1<br /><br />tests.AgendaLide.checkRoleDoctoralConsultant(tests.AgendaLide$SupervisorTabData, java.lang.String, java.lang.String)<br /><em>Checks name and topic for block of information: Doctoral students' consultant.</em><br /><br /><a href='#E-vyskyt-konkretnich-udaju-firefox2011-12-27-20-32-43checkRoleDoctoralConsultantmain@118829801-container' onclick='showSolution("E-vyskyt-konkretnich-udaju-firefox2011-12-27-20-32-43checkRoleDoctoralConsultantmain@118829801", this);'>Show/Hide test method steps</a><ol id='E-vyskyt-konkretnich-udaju-firefox2011-12-27-20-32-43checkRoleDoctoralConsultantmain@118829801' style='display: none; margin: 0px; padding-left: 30px; margin-top: 10px;'>]]>
    </line>
    <line>
      <![CDATA[<li style='background-color: #fcfcfc; padding: 4px; border-top: 1px solid #dbdbdb; font-size: 90%;'>No data from dataprovider</li>]]>
    </line>
    <line>
      <![CDATA[</ol><div style='color: white; background: green; padding: 4px; margin-top: 15px;'><strong>SUCCES</strong></div></div>]]>
    </line>
    <line>
      <![CDATA[<div id='E-vyskyt-konkretnich-udaju-firefox2011-12-27-20-32-43checkRoleDoctoralConsultantmain@118829802-container' style='width: 98%; background: #e0e0e0; padding: 10px; margin-bottom: 10px;'><strong>checkRoleDoctoralConsultant</strong> at [2011-12-27 20:32:43] with invocation order 2<br /><br />tests.AgendaLide.checkRoleDoctoralConsultant(tests.AgendaLide$SupervisorTabData, java.lang.String, java.lang.String)<br /><em>Checks name and topic for block of information: Doctoral students' consultant.</em><br /><br /><a href='#E-vyskyt-konkretnich-udaju-firefox2011-12-27-20-32-43checkRoleDoctoralConsultantmain@118829802-container' onclick='showSolution("E-vyskyt-konkretnich-udaju-firefox2011-12-27-20-32-43checkRoleDoctoralConsultantmain@118829802", this);'>Show/Hide test method steps</a><ol id='E-vyskyt-konkretnich-udaju-firefox2011-12-27-20-32-43checkRoleDoctoralConsultantmain@118829802' style='display: none; margin: 0px; padding-left: 30px; margin-top: 10px;'>]]>
    </line>
    <line>
      <![CDATA[<li style='background-color: #f8f8f8; padding: 4px; border-top: 1px solid #dbdbdb; font-size: 90%;'>No data from dataprovider</li>]]>
    </line>
    <line>
      <![CDATA[</ol><div style='color: white; background: green; padding: 4px; margin-top: 15px;'><strong>SUCCES</strong></div></div>]]>
    </line>
    <line>
      <![CDATA[<div id='E-vyskyt-konkretnich-udaju-firefox2011-12-27-20-32-43checkRoleThesesSupervisormain@118829800-container' style='width: 98%; background: #e0e0e0; padding: 10px; margin-bottom: 10px;'><strong>checkRoleThesesSupervisor</strong> at [2011-12-27 20:32:43] with invocation order 0<br /><br />tests.AgendaLide.checkRoleThesesSupervisor(tests.AgendaLide$SupervisorTabData, java.lang.String, java.lang.String)<br /><em>Checks name and topic for block of information: Theses - Supervisor.</em><br /><br /><a href='#E-vyskyt-konkretnich-udaju-firefox2011-12-27-20-32-43checkRoleThesesSupervisormain@118829800-container' onclick='showSolution("E-vyskyt-konkretnich-udaju-firefox2011-12-27-20-32-43checkRoleThesesSupervisormain@118829800", this);'>Show/Hide test method steps</a><ol id='E-vyskyt-konkretnich-udaju-firefox2011-12-27-20-32-43checkRoleThesesSupervisormain@118829800' style='display: none; margin: 0px; padding-left: 30px; margin-top: 10px;'>]]>
    </line>
    <line>
      <![CDATA[<li style='background-color: #fcfcfc; padding: 4px; border-top: 1px solid #dbdbdb; font-size: 90%;'>Open personal page "60675"</li>]]>
    </line>
    <line>
      <![CDATA[<li style='background-color: #f8f8f8; padding: 4px; border-top: 1px solid #dbdbdb; font-size: 90%;'>Verify page title "Osobní stránka"</li>]]>
    </line>
    <line>
      <![CDATA[<li style='background-color: #fcfcfc; padding: 4px; border-top: 1px solid #dbdbdb; font-size: 90%;'>Verify personal page by "učo 60675"</li>]]>
    </line>
    <line>
      <![CDATA[<li style='background-color: #f8f8f8; padding: 4px; border-top: 1px solid #dbdbdb; font-size: 90%;'>Click on specific tab to show "#skolitel"</li>]]>
    </line>
    <line>
      <![CDATA[<li style='background-color: #fcfcfc; padding: 4px; border-top: 1px solid #dbdbdb; font-size: 90%;'>Wait for element "css=div#_skolitel h4:nth(0)"</li>]]>
    </line>
    <line>
      <![CDATA[<li style='background-color: #f8f8f8; padding: 4px; border-top: 1px solid #dbdbdb; font-size: 90%;'>Verify that "css=div#_skolitel h5:contains('Vedoucí') + dl dd:nth(0) a" matches "Ladislav Olšák"</li>]]>
    </line>
    <line>
      <![CDATA[<li style='background-color: #fcfcfc; padding: 4px; border-top: 1px solid #dbdbdb; font-size: 90%;'>Verify that "css=div#_skolitel h5:contains('Vedoucí') + dl dt:nth(0) a" matches "Webové stránky obce s mapami"</li>]]>
    </line>
    <line>
      <![CDATA[<li style='background-color: #f8f8f8; padding: 4px; border-top: 1px solid #dbdbdb; font-size: 90%;'>Click on "css=div#_skolitel h5:contains('Vedoucí') + dl dt:nth(0) a"</li>]]>
    </line>
    <line>
      <![CDATA[<li style='background-color: #fcfcfc; padding: 4px; border-top: 1px solid #dbdbdb; font-size: 90%;'>Wait for page to load</li>]]>
    </line>
    <line>
      <![CDATA[<li style='background-color: #f8f8f8; padding: 4px; border-top: 1px solid #dbdbdb; font-size: 90%;'>Verify that "css=h1#nadpis" contains "Archiv závěrečné práce Ladislav Olšák"</li>]]>
    </line>
    <line>
      <![CDATA[<li style='background-color: #fcfcfc; padding: 4px; border-top: 1px solid #dbdbdb; font-size: 90%;'>Verify that "css=div#metadata>h3" contains "Ladislav Olšák"</li>]]>
    </line>
    <line>
      <![CDATA[<li style='background-color: #f8f8f8; padding: 4px; border-top: 1px solid #dbdbdb; font-size: 90%;'>Verify that "css=div#metadata>h2" matches "Webové stránky obce s mapami"</li>]]>
    </line>
    <line>
      <![CDATA[<li style='background-color: #fcfcfc; padding: 4px; border-top: 1px solid #dbdbdb; font-size: 90%;'>Go back</li>]]>
    </line>
    <line>
      <![CDATA[<li style='background-color: #f8f8f8; padding: 4px; border-top: 1px solid #dbdbdb; font-size: 90%;'>Wait for page to load</li>]]>
    </line>
    <line>
      <![CDATA[<li style='background-color: #fcfcfc; padding: 4px; border-top: 1px solid #dbdbdb; font-size: 90%;'>Verify that "css=div#_skolitel h5:contains('Vedoucí') + dl dd:nth(1) a" matches "Martin Svoboda"</li>]]>
    </line>
    <line>
      <![CDATA[<li style='background-color: #f8f8f8; padding: 4px; border-top: 1px solid #dbdbdb; font-size: 90%;'>Verify that "css=div#_skolitel h5:contains('Vedoucí') + dl dt:nth(1) a" matches "Webová aplikace pro správu soutěže vín"</li>]]>
    </line>
    <line>
      <![CDATA[<li style='background-color: #fcfcfc; padding: 4px; border-top: 1px solid #dbdbdb; font-size: 90%;'>Click on "css=div#_skolitel h5:contains('Vedoucí') + dl dt:nth(1) a"</li>]]>
    </line>
    <line>
      <![CDATA[<li style='background-color: #f8f8f8; padding: 4px; border-top: 1px solid #dbdbdb; font-size: 90%;'>Wait for page to load</li>]]>
    </line>
    <line>
      <![CDATA[<li style='background-color: #fcfcfc; padding: 4px; border-top: 1px solid #dbdbdb; font-size: 90%;'>Verify that "css=h1#nadpis" contains "Archiv závěrečné práce Martin Svoboda"</li>]]>
    </line>
    <line>
      <![CDATA[<li style='background-color: #f8f8f8; padding: 4px; border-top: 1px solid #dbdbdb; font-size: 90%;'>Verify that "css=div#metadata>h3" contains "Martin Svoboda"</li>]]>
    </line>
    <line>
      <![CDATA[<li style='background-color: #fcfcfc; padding: 4px; border-top: 1px solid #dbdbdb; font-size: 90%;'>Verify that "css=div#metadata>h2" matches "Webová aplikace pro správu soutěže vín"</li>]]>
    </line>
    <line>
      <![CDATA[<li style='background-color: #f8f8f8; padding: 4px; border-top: 1px solid #dbdbdb; font-size: 90%;'>Go back</li>]]>
    </line>
    <line>
      <![CDATA[<li style='background-color: #fcfcfc; padding: 4px; border-top: 1px solid #dbdbdb; font-size: 90%;'>Wait for page to load</li>]]>
    </line>
    <line>
      <![CDATA[<li style='background-color: #f8f8f8; padding: 4px; border-top: 1px solid #dbdbdb; font-size: 90%;'>Verify that "css=div#_skolitel h5:contains('Vedoucí') + dl dd:nth(2) a" matches "Tomáš Kouba"</li>]]>
    </line>
    <line>
      <![CDATA[<li style='background-color: #fcfcfc; padding: 4px; border-top: 1px solid #dbdbdb; font-size: 90%;'>Verify that "css=div#_skolitel h5:contains('Vedoucí') + dl dt:nth(2) a" matches "Hodnocení faktorů ovlivňujících řazení výsledků ve vyhledávačích"</li>]]>
    </line>
    <line>
      <![CDATA[<li style='background-color: #f8f8f8; padding: 4px; border-top: 1px solid #dbdbdb; font-size: 90%;'>Click on "css=div#_skolitel h5:contains('Vedoucí') + dl dt:nth(2) a"</li>]]>
    </line>
    <line>
      <![CDATA[<li style='background-color: #fcfcfc; padding: 4px; border-top: 1px solid #dbdbdb; font-size: 90%;'>Wait for page to load</li>]]>
    </line>
    <line>
      <![CDATA[<li style='background-color: #f8f8f8; padding: 4px; border-top: 1px solid #dbdbdb; font-size: 90%;'>Verify that "css=h1#nadpis" contains "Archiv závěrečné práce Tomáš Kouba"</li>]]>
    </line>
    <line>
      <![CDATA[<li style='background-color: #fcfcfc; padding: 4px; border-top: 1px solid #dbdbdb; font-size: 90%;'>Verify that "css=div#metadata>h3" contains "Tomáš Kouba"</li>]]>
    </line>
    <line>
      <![CDATA[<li style='background-color: #f8f8f8; padding: 4px; border-top: 1px solid #dbdbdb; font-size: 90%;'>Verify that "css=div#metadata>h2" matches "Hodnocení faktorů ovlivňujících řazení výsledků ve vyhledávačích"</li>]]>
    </line>
    <line>
      <![CDATA[<li style='background-color: #fcfcfc; padding: 4px; border-top: 1px solid #dbdbdb; font-size: 90%;'>Go back</li>]]>
    </line>
    <line>
      <![CDATA[<li style='background-color: #f8f8f8; padding: 4px; border-top: 1px solid #dbdbdb; font-size: 90%;'>Wait for page to load</li>]]>
    </line>
    <line>
      <![CDATA[</ol><div style='color: white; background: green; padding: 4px; margin-top: 15px;'><strong>SUCCES</strong></div></div>]]>
    </line>
    <line>
      <![CDATA[<div id='E-vyskyt-konkretnich-udaju-firefox2011-12-27-20-33-02checkRoleThesesSupervisormain@118829801-container' style='width: 98%; background: #e0e0e0; padding: 10px; margin-bottom: 10px;'><strong>checkRoleThesesSupervisor</strong> at [2011-12-27 20:33:02] with invocation order 1<br /><br />tests.AgendaLide.checkRoleThesesSupervisor(tests.AgendaLide$SupervisorTabData, java.lang.String, java.lang.String)<br /><em>Checks name and topic for block of information: Theses - Supervisor.</em><br /><br /><a href='#E-vyskyt-konkretnich-udaju-firefox2011-12-27-20-33-02checkRoleThesesSupervisormain@118829801-container' onclick='showSolution("E-vyskyt-konkretnich-udaju-firefox2011-12-27-20-33-02checkRoleThesesSupervisormain@118829801", this);'>Show/Hide test method steps</a><ol id='E-vyskyt-konkretnich-udaju-firefox2011-12-27-20-33-02checkRoleThesesSupervisormain@118829801' style='display: none; margin: 0px; padding-left: 30px; margin-top: 10px;'>]]>
    </line>
    <line>
      <![CDATA[<li style='background-color: #fcfcfc; padding: 4px; border-top: 1px solid #dbdbdb; font-size: 90%;'>Open personal page "112434"</li>]]>
    </line>
    <line>
      <![CDATA[<li style='background-color: #f8f8f8; padding: 4px; border-top: 1px solid #dbdbdb; font-size: 90%;'>Verify page title "Osobní stránka"</li>]]>
    </line>
    <line>
      <![CDATA[<li style='background-color: #fcfcfc; padding: 4px; border-top: 1px solid #dbdbdb; font-size: 90%;'>Verify personal page by "učo 112434"</li>]]>
    </line>
    <line>
      <![CDATA[<li style='background-color: #f8f8f8; padding: 4px; border-top: 1px solid #dbdbdb; font-size: 90%;'>Click on specific tab to show "#skolitel"</li>]]>
    </line>
    <line>
      <![CDATA[<li style='background-color: #fcfcfc; padding: 4px; border-top: 1px solid #dbdbdb; font-size: 90%;'>Wait for element "css=div#_skolitel h4:nth(0)"</li>]]>
    </line>
    <line>
      <![CDATA[<li style='background-color: #f8f8f8; padding: 4px; border-top: 1px solid #dbdbdb; font-size: 90%;'>Verify that "css=div#_skolitel h5:contains('Vedoucí') + dl dd:nth(0) a" matches "Jan Šlégr"</li>]]>
    </line>
    <line>
      <![CDATA[<li style='background-color: #fcfcfc; padding: 4px; border-top: 1px solid #dbdbdb; font-size: 90%;'>Verify that "css=div#_skolitel h5:contains('Vedoucí') + dl dt:nth(0) a" matches "Autorská prezentace"</li>]]>
    </line>
    <line>
      <![CDATA[<li style='background-color: #f8f8f8; padding: 4px; border-top: 1px solid #dbdbdb; font-size: 90%;'>Click on "css=div#_skolitel h5:contains('Vedoucí') + dl dt:nth(0) a"</li>]]>
    </line>
    <line>
      <![CDATA[<li style='background-color: #fcfcfc; padding: 4px; border-top: 1px solid #dbdbdb; font-size: 90%;'>Wait for page to load</li>]]>
    </line>
    <line>
      <![CDATA[<li style='background-color: #f8f8f8; padding: 4px; border-top: 1px solid #dbdbdb; font-size: 90%;'>Verify that "css=h1#nadpis" contains "Archiv závěrečné práce Jan Šlégr"</li>]]>
    </line>
    <line>
      <![CDATA[<li style='background-color: #fcfcfc; padding: 4px; border-top: 1px solid #dbdbdb; font-size: 90%;'>Verify that "css=div#metadata>h3" contains "Jan Šlégr"</li>]]>
    </line>
    <line>
      <![CDATA[<li style='background-color: #f8f8f8; padding: 4px; border-top: 1px solid #dbdbdb; font-size: 90%;'>Verify that "css=div#metadata>h2" matches "Autorská prezentace"</li>]]>
    </line>
    <line>
      <![CDATA[<li style='background-color: #fcfcfc; padding: 4px; border-top: 1px solid #dbdbdb; font-size: 90%;'>Go back</li>]]>
    </line>
    <line>
      <![CDATA[<li style='background-color: #f8f8f8; padding: 4px; border-top: 1px solid #dbdbdb; font-size: 90%;'>Wait for page to load</li>]]>
    </line>
    <line>
      <![CDATA[</ol><div style='color: white; background: green; padding: 4px; margin-top: 15px;'><strong>SUCCES</strong></div></div>]]>
    </line>
    <line>
      <![CDATA[<div id='E-vyskyt-konkretnich-udaju-firefox2011-12-27-20-33-10checkRoleThesesSupervisormain@118829802-container' style='width: 98%; background: #e0e0e0; padding: 10px; margin-bottom: 10px;'><strong>checkRoleThesesSupervisor</strong> at [2011-12-27 20:33:10] with invocation order 2<br /><br />tests.AgendaLide.checkRoleThesesSupervisor(tests.AgendaLide$SupervisorTabData, java.lang.String, java.lang.String)<br /><em>Checks name and topic for block of information: Theses - Supervisor.</em><br /><br /><a href='#E-vyskyt-konkretnich-udaju-firefox2011-12-27-20-33-10checkRoleThesesSupervisormain@118829802-container' onclick='showSolution("E-vyskyt-konkretnich-udaju-firefox2011-12-27-20-33-10checkRoleThesesSupervisormain@118829802", this);'>Show/Hide test method steps</a><ol id='E-vyskyt-konkretnich-udaju-firefox2011-12-27-20-33-10checkRoleThesesSupervisormain@118829802' style='display: none; margin: 0px; padding-left: 30px; margin-top: 10px;'>]]>
    </line>
    <line>
      <![CDATA[<li style='background-color: #fcfcfc; padding: 4px; border-top: 1px solid #dbdbdb; font-size: 90%;'>Open personal page "2221"</li>]]>
    </line>
    <line>
      <![CDATA[<li style='background-color: #f8f8f8; padding: 4px; border-top: 1px solid #dbdbdb; font-size: 90%;'>Verify page title "Osobní stránka"</li>]]>
    </line>
    <line>
      <![CDATA[<li style='background-color: #fcfcfc; padding: 4px; border-top: 1px solid #dbdbdb; font-size: 90%;'>Verify personal page by "učo 2221"</li>]]>
    </line>
    <line>
      <![CDATA[<li style='background-color: #f8f8f8; padding: 4px; border-top: 1px solid #dbdbdb; font-size: 90%;'>Click on specific tab to show "#skolitel"</li>]]>
    </line>
    <line>
      <![CDATA[<li style='background-color: #fcfcfc; padding: 4px; border-top: 1px solid #dbdbdb; font-size: 90%;'>Wait for element "css=div#_skolitel h4:nth(0)"</li>]]>
    </line>
    <line>
      <![CDATA[<li style='background-color: #f8f8f8; padding: 4px; border-top: 1px solid #dbdbdb; font-size: 90%;'>Verify that "css=div#_skolitel h5:contains('Vedoucí') + dl dd:nth(0) a" matches "Mária Fileková"</li>]]>
    </line>
    <line>
      <![CDATA[<li style='background-color: #fcfcfc; padding: 4px; border-top: 1px solid #dbdbdb; font-size: 90%;'>Verify that "css=div#_skolitel h5:contains('Vedoucí') + dl dt:nth(0) a" matches "Promotion of Cultural Values and Stereotypes in Advertising Orientated Towards Women"</li>]]>
    </line>
    <line>
      <![CDATA[<li style='background-color: #f8f8f8; padding: 4px; border-top: 1px solid #dbdbdb; font-size: 90%;'>Click on "css=div#_skolitel h5:contains('Vedoucí') + dl dt:nth(0) a"</li>]]>
    </line>
    <line>
      <![CDATA[<li style='background-color: #fcfcfc; padding: 4px; border-top: 1px solid #dbdbdb; font-size: 90%;'>Wait for page to load</li>]]>
    </line>
    <line>
      <![CDATA[<li style='background-color: #f8f8f8; padding: 4px; border-top: 1px solid #dbdbdb; font-size: 90%;'>Verify that "css=h1#nadpis" contains "Archiv závěrečné práce Mária Fileková"</li>]]>
    </line>
    <line>
      <![CDATA[<li style='background-color: #fcfcfc; padding: 4px; border-top: 1px solid #dbdbdb; font-size: 90%;'>Verify that "css=div#metadata>h3" contains "Mária Fileková"</li>]]>
    </line>
    <line>
      <![CDATA[<li style='background-color: #f8f8f8; padding: 4px; border-top: 1px solid #dbdbdb; font-size: 90%;'>Verify that "css=div#metadata>h2" matches "Promotion of Cultural Values and Stereotypes in Advertising Orientated Towards Women"</li>]]>
    </line>
    <line>
      <![CDATA[<li style='background-color: #fcfcfc; padding: 4px; border-top: 1px solid #dbdbdb; font-size: 90%;'>Go back</li>]]>
    </line>
    <line>
      <![CDATA[<li style='background-color: #f8f8f8; padding: 4px; border-top: 1px solid #dbdbdb; font-size: 90%;'>Wait for page to load</li>]]>
    </line>
    <line>
      <![CDATA[<li style='background-color: #fcfcfc; padding: 4px; border-top: 1px solid #dbdbdb; font-size: 90%;'>Verify that "css=div#_skolitel h5:contains('Vedoucí') + dl dd:nth(1) a" matches "Hana Vašková"</li>]]>
    </line>
    <line>
      <![CDATA[<li style='background-color: #f8f8f8; padding: 4px; border-top: 1px solid #dbdbdb; font-size: 90%;'>Verify that "css=div#_skolitel h5:contains('Vedoucí') + dl dt:nth(1) a" matches "The Language of Obituaries"</li>]]>
    </line>
    <line>
      <![CDATA[<li style='background-color: #fcfcfc; padding: 4px; border-top: 1px solid #dbdbdb; font-size: 90%;'>Click on "css=div#_skolitel h5:contains('Vedoucí') + dl dt:nth(1) a"</li>]]>
    </line>
    <line>
      <![CDATA[<li style='background-color: #f8f8f8; padding: 4px; border-top: 1px solid #dbdbdb; font-size: 90%;'>Wait for page to load</li>]]>
    </line>
    <line>
      <![CDATA[<li style='background-color: #fcfcfc; padding: 4px; border-top: 1px solid #dbdbdb; font-size: 90%;'>Verify that "css=h1#nadpis" contains "Archiv závěrečné práce Hana Vašková"</li>]]>
    </line>
    <line>
      <![CDATA[<li style='background-color: #f8f8f8; padding: 4px; border-top: 1px solid #dbdbdb; font-size: 90%;'>Verify that "css=div#metadata>h3" contains "Hana Vašková"</li>]]>
    </line>
    <line>
      <![CDATA[<li style='background-color: #fcfcfc; padding: 4px; border-top: 1px solid #dbdbdb; font-size: 90%;'>Verify that "css=div#metadata>h2" matches "The Language of Obituaries"</li>]]>
    </line>
    <line>
      <![CDATA[<li style='background-color: #f8f8f8; padding: 4px; border-top: 1px solid #dbdbdb; font-size: 90%;'>Go back</li>]]>
    </line>
    <line>
      <![CDATA[<li style='background-color: #fcfcfc; padding: 4px; border-top: 1px solid #dbdbdb; font-size: 90%;'>Wait for page to load</li>]]>
    </line>
    <line>
      <![CDATA[<li style='background-color: #f8f8f8; padding: 4px; border-top: 1px solid #dbdbdb; font-size: 90%;'>Verify that "css=div#_skolitel h5:contains('Vedoucí') + dl dd:nth(2) a" matches "Jakub Kominka"</li>]]>
    </line>
    <line>
      <![CDATA[<li style='background-color: #fcfcfc; padding: 4px; border-top: 1px solid #dbdbdb; font-size: 90%;'>Verify that "css=div#_skolitel h5:contains('Vedoucí') + dl dt:nth(2) a" matches "Aboriginese in Australia: Thinking White"</li>]]>
    </line>
    <line>
      <![CDATA[<li style='background-color: #f8f8f8; padding: 4px; border-top: 1px solid #dbdbdb; font-size: 90%;'>Click on "css=div#_skolitel h5:contains('Vedoucí') + dl dt:nth(2) a"</li>]]>
    </line>
    <line>
      <![CDATA[<li style='background-color: #fcfcfc; padding: 4px; border-top: 1px solid #dbdbdb; font-size: 90%;'>Wait for page to load</li>]]>
    </line>
    <line>
      <![CDATA[<li style='background-color: #f8f8f8; padding: 4px; border-top: 1px solid #dbdbdb; font-size: 90%;'>Verify that "css=h1#nadpis" contains "Archiv závěrečné práce Jakub Kominka"</li>]]>
    </line>
    <line>
      <![CDATA[<li style='background-color: #fcfcfc; padding: 4px; border-top: 1px solid #dbdbdb; font-size: 90%;'>Verify that "css=div#metadata>h3" contains "Jakub Kominka"</li>]]>
    </line>
    <line>
      <![CDATA[<li style='background-color: #f8f8f8; padding: 4px; border-top: 1px solid #dbdbdb; font-size: 90%;'>Verify that "css=div#metadata>h2" matches "Aboriginese in Australia: Thinking White"</li>]]>
    </line>
    <line>
      <![CDATA[<li style='background-color: #fcfcfc; padding: 4px; border-top: 1px solid #dbdbdb; font-size: 90%;'>Go back</li>]]>
    </line>
    <line>
      <![CDATA[<li style='background-color: #f8f8f8; padding: 4px; border-top: 1px solid #dbdbdb; font-size: 90%;'>Wait for page to load</li>]]>
    </line>
    <line>
      <![CDATA[<li style='background-color: #fcfcfc; padding: 4px; border-top: 1px solid #dbdbdb; font-size: 90%;'>Verify that "css=div#_skolitel h5:contains('Vedoucí') + dl dd:nth(3) a" matches "Richard Skolek"</li>]]>
    </line>
    <line>
      <![CDATA[<li style='background-color: #f8f8f8; padding: 4px; border-top: 1px solid #dbdbdb; font-size: 90%;'>Verify that "css=div#_skolitel h5:contains('Vedoucí') + dl dt:nth(3) a" matches "Chinese Immigrants in Australia"</li>]]>
    </line>
    <line>
      <![CDATA[<li style='background-color: #fcfcfc; padding: 4px; border-top: 1px solid #dbdbdb; font-size: 90%;'>Click on "css=div#_skolitel h5:contains('Vedoucí') + dl dt:nth(3) a"</li>]]>
    </line>
    <line>
      <![CDATA[<li style='background-color: #f8f8f8; padding: 4px; border-top: 1px solid #dbdbdb; font-size: 90%;'>Wait for page to load</li>]]>
    </line>
    <line>
      <![CDATA[<li style='background-color: #fcfcfc; padding: 4px; border-top: 1px solid #dbdbdb; font-size: 90%;'>Verify that "css=h1#nadpis" contains "Archiv závěrečné práce Richard Skolek"</li>]]>
    </line>
    <line>
      <![CDATA[<li style='background-color: #f8f8f8; padding: 4px; border-top: 1px solid #dbdbdb; font-size: 90%;'>Verify that "css=div#metadata>h3" contains "Richard Skolek"</li>]]>
    </line>
    <line>
      <![CDATA[<li style='background-color: #fcfcfc; padding: 4px; border-top: 1px solid #dbdbdb; font-size: 90%;'>Verify that "css=div#metadata>h2" matches "Chinese Immigrants in Australia"</li>]]>
    </line>
    <line>
      <![CDATA[<li style='background-color: #f8f8f8; padding: 4px; border-top: 1px solid #dbdbdb; font-size: 90%;'>Go back</li>]]>
    </line>
    <line>
      <![CDATA[<li style='background-color: #fcfcfc; padding: 4px; border-top: 1px solid #dbdbdb; font-size: 90%;'>Wait for page to load</li>]]>
    </line>
    <line>
      <![CDATA[<li style='background-color: #f8f8f8; padding: 4px; border-top: 1px solid #dbdbdb; font-size: 90%;'>Verify that "css=div#_skolitel h5:contains('Vedoucí') + dl dd:nth(4) a" matches "Patrick Schmitt"</li>]]>
    </line>
    <line>
      <![CDATA[<li style='background-color: #fcfcfc; padding: 4px; border-top: 1px solid #dbdbdb; font-size: 90%;'>Verify that "css=div#_skolitel h5:contains('Vedoucí') + dl dt:nth(4) a" matches "The Language of Cooking Instructions"</li>]]>
    </line>
    <line>
      <![CDATA[<li style='background-color: #f8f8f8; padding: 4px; border-top: 1px solid #dbdbdb; font-size: 90%;'>Click on "css=div#_skolitel h5:contains('Vedoucí') + dl dt:nth(4) a"</li>]]>
    </line>
    <line>
      <![CDATA[<li style='background-color: #fcfcfc; padding: 4px; border-top: 1px solid #dbdbdb; font-size: 90%;'>Wait for page to load</li>]]>
    </line>
    <line>
      <![CDATA[<li style='background-color: #f8f8f8; padding: 4px; border-top: 1px solid #dbdbdb; font-size: 90%;'>Verify that "css=h1#nadpis" contains "Archiv závěrečné práce Patrick Schmitt"</li>]]>
    </line>
    <line>
      <![CDATA[<li style='background-color: #fcfcfc; padding: 4px; border-top: 1px solid #dbdbdb; font-size: 90%;'>Verify that "css=div#metadata>h3" contains "Patrick Schmitt"</li>]]>
    </line>
    <line>
      <![CDATA[<li style='background-color: #f8f8f8; padding: 4px; border-top: 1px solid #dbdbdb; font-size: 90%;'>Verify that "css=div#metadata>h2" matches "The Language of Cooking Instructions"</li>]]>
    </line>
    <line>
      <![CDATA[<li style='background-color: #fcfcfc; padding: 4px; border-top: 1px solid #dbdbdb; font-size: 90%;'>Go back</li>]]>
    </line>
    <line>
      <![CDATA[<li style='background-color: #f8f8f8; padding: 4px; border-top: 1px solid #dbdbdb; font-size: 90%;'>Wait for page to load</li>]]>
    </line>
    <line>
      <![CDATA[<li style='background-color: #fcfcfc; padding: 4px; border-top: 1px solid #dbdbdb; font-size: 90%;'>Verify that "css=div#_skolitel h5:contains('Vedoucí') + dl dd:nth(5) a" matches "Květa Suchá"</li>]]>
    </line>
    <line>
      <![CDATA[<li style='background-color: #f8f8f8; padding: 4px; border-top: 1px solid #dbdbdb; font-size: 90%;'>Verify that "css=div#_skolitel h5:contains('Vedoucí') + dl dt:nth(5) a" matches "Concept of National Identity in News Reporting"</li>]]>
    </line>
    <line>
      <![CDATA[<li style='background-color: #fcfcfc; padding: 4px; border-top: 1px solid #dbdbdb; font-size: 90%;'>Click on "css=div#_skolitel h5:contains('Vedoucí') + dl dt:nth(5) a"</li>]]>
    </line>
    <line>
      <![CDATA[<li style='background-color: #f8f8f8; padding: 4px; border-top: 1px solid #dbdbdb; font-size: 90%;'>Wait for page to load</li>]]>
    </line>
    <line>
      <![CDATA[<li style='background-color: #fcfcfc; padding: 4px; border-top: 1px solid #dbdbdb; font-size: 90%;'>Verify that "css=h1#nadpis" contains "Archiv závěrečné práce Květa Suchá"</li>]]>
    </line>
    <line>
      <![CDATA[<li style='background-color: #f8f8f8; padding: 4px; border-top: 1px solid #dbdbdb; font-size: 90%;'>Verify that "css=div#metadata>h3" contains "Květa Suchá"</li>]]>
    </line>
    <line>
      <![CDATA[<li style='background-color: #fcfcfc; padding: 4px; border-top: 1px solid #dbdbdb; font-size: 90%;'>Verify that "css=div#metadata>h2" matches "Concept of National Identity in News Reporting"</li>]]>
    </line>
    <line>
      <![CDATA[<li style='background-color: #f8f8f8; padding: 4px; border-top: 1px solid #dbdbdb; font-size: 90%;'>Go back</li>]]>
    </line>
    <line>
      <![CDATA[<li style='background-color: #fcfcfc; padding: 4px; border-top: 1px solid #dbdbdb; font-size: 90%;'>Wait for page to load</li>]]>
    </line>
    <line>
      <![CDATA[<li style='background-color: #f8f8f8; padding: 4px; border-top: 1px solid #dbdbdb; font-size: 90%;'>Verify that "css=div#_skolitel h5:contains('Vedoucí') + dl dd:nth(6) a" matches "Terezie Chýlová"</li>]]>
    </line>
    <line>
      <![CDATA[<li style='background-color: #fcfcfc; padding: 4px; border-top: 1px solid #dbdbdb; font-size: 90%;'>Verify that "css=div#_skolitel h5:contains('Vedoucí') + dl dt:nth(6) a" matches "Australia: Communication Before and After the Arrival of Whites"</li>]]>
    </line>
    <line>
      <![CDATA[<li style='background-color: #f8f8f8; padding: 4px; border-top: 1px solid #dbdbdb; font-size: 90%;'>Click on "css=div#_skolitel h5:contains('Vedoucí') + dl dt:nth(6) a"</li>]]>
    </line>
    <line>
      <![CDATA[<li style='background-color: #fcfcfc; padding: 4px; border-top: 1px solid #dbdbdb; font-size: 90%;'>Wait for page to load</li>]]>
    </line>
    <line>
      <![CDATA[<li style='background-color: #f8f8f8; padding: 4px; border-top: 1px solid #dbdbdb; font-size: 90%;'>Verify that "css=h1#nadpis" contains "Archiv závěrečné práce Terezie Chýlová"</li>]]>
    </line>
    <line>
      <![CDATA[<li style='background-color: #fcfcfc; padding: 4px; border-top: 1px solid #dbdbdb; font-size: 90%;'>Verify that "css=div#metadata>h3" contains "Terezie Chýlová"</li>]]>
    </line>
    <line>
      <![CDATA[<li style='background-color: #f8f8f8; padding: 4px; border-top: 1px solid #dbdbdb; font-size: 90%;'>Verify that "css=div#metadata>h2" matches "Australia: Communication Before and After the Arrival of Whites"</li>]]>
    </line>
    <line>
      <![CDATA[<li style='background-color: #fcfcfc; padding: 4px; border-top: 1px solid #dbdbdb; font-size: 90%;'>Go back</li>]]>
    </line>
    <line>
      <![CDATA[<li style='background-color: #f8f8f8; padding: 4px; border-top: 1px solid #dbdbdb; font-size: 90%;'>Wait for page to load</li>]]>
    </line>
    <line>
      <![CDATA[<li style='background-color: #fcfcfc; padding: 4px; border-top: 1px solid #dbdbdb; font-size: 90%;'>Verify that "css=div#_skolitel h5:contains('Vedoucí') + dl dd:nth(7) a" matches "Katarína Kőrösiová"</li>]]>
    </line>
    <line>
      <![CDATA[<li style='background-color: #f8f8f8; padding: 4px; border-top: 1px solid #dbdbdb; font-size: 90%;'>Verify that "css=div#_skolitel h5:contains('Vedoucí') + dl dt:nth(7) a" matches "Australian Aborigenes and the Policy of Assimilation"</li>]]>
    </line>
    <line>
      <![CDATA[<li style='background-color: #fcfcfc; padding: 4px; border-top: 1px solid #dbdbdb; font-size: 90%;'>Click on "css=div#_skolitel h5:contains('Vedoucí') + dl dt:nth(7) a"</li>]]>
    </line>
    <line>
      <![CDATA[<li style='background-color: #f8f8f8; padding: 4px; border-top: 1px solid #dbdbdb; font-size: 90%;'>Wait for page to load</li>]]>
    </line>
    <line>
      <![CDATA[<li style='background-color: #fcfcfc; padding: 4px; border-top: 1px solid #dbdbdb; font-size: 90%;'>Verify that "css=h1#nadpis" contains "Archiv závěrečné práce Katarína Kőrösiová"</li>]]>
    </line>
    <line>
      <![CDATA[<li style='background-color: #f8f8f8; padding: 4px; border-top: 1px solid #dbdbdb; font-size: 90%;'>Verify that "css=div#metadata>h3" contains "Katarína Kőrösiová"</li>]]>
    </line>
    <line>
      <![CDATA[<li style='background-color: #fcfcfc; padding: 4px; border-top: 1px solid #dbdbdb; font-size: 90%;'>Verify that "css=div#metadata>h2" matches "Australian Aborigenes and the Policy of Assimilation"</li>]]>
    </line>
    <line>
      <![CDATA[<li style='background-color: #f8f8f8; padding: 4px; border-top: 1px solid #dbdbdb; font-size: 90%;'>Go back</li>]]>
    </line>
    <line>
      <![CDATA[<li style='background-color: #fcfcfc; padding: 4px; border-top: 1px solid #dbdbdb; font-size: 90%;'>Wait for page to load</li>]]>
    </line>
    <line>
      <![CDATA[<li style='background-color: #f8f8f8; padding: 4px; border-top: 1px solid #dbdbdb; font-size: 90%;'>Verify that "css=div#_skolitel h5:contains('Vedoucí') + dl dd:nth(8) a" matches "Markéta Rozmarová"</li>]]>
    </line>
    <line>
      <![CDATA[<li style='background-color: #fcfcfc; padding: 4px; border-top: 1px solid #dbdbdb; font-size: 90%;'>Verify that "css=div#_skolitel h5:contains('Vedoucí') + dl dt:nth(8) a" matches "Ned Kelly in Art: Criminal versus Hero"</li>]]>
    </line>
    <line>
      <![CDATA[<li style='background-color: #f8f8f8; padding: 4px; border-top: 1px solid #dbdbdb; font-size: 90%;'>Click on "css=div#_skolitel h5:contains('Vedoucí') + dl dt:nth(8) a"</li>]]>
    </line>
    <line>
      <![CDATA[<li style='background-color: #fcfcfc; padding: 4px; border-top: 1px solid #dbdbdb; font-size: 90%;'>Wait for page to load</li>]]>
    </line>
    <line>
      <![CDATA[<li style='background-color: #f8f8f8; padding: 4px; border-top: 1px solid #dbdbdb; font-size: 90%;'>Verify that "css=h1#nadpis" contains "Archiv závěrečné práce Markéta Rozmarová"</li>]]>
    </line>
    <line>
      <![CDATA[<li style='background-color: #fcfcfc; padding: 4px; border-top: 1px solid #dbdbdb; font-size: 90%;'>Verify that "css=div#metadata>h3" contains "Markéta Rozmarová"</li>]]>
    </line>
    <line>
      <![CDATA[<li style='background-color: #f8f8f8; padding: 4px; border-top: 1px solid #dbdbdb; font-size: 90%;'>Verify that "css=div#metadata>h2" matches "Ned Kelly in Art: Criminal versus Hero"</li>]]>
    </line>
    <line>
      <![CDATA[<li style='background-color: #fcfcfc; padding: 4px; border-top: 1px solid #dbdbdb; font-size: 90%;'>Go back</li>]]>
    </line>
    <line>
      <![CDATA[<li style='background-color: #f8f8f8; padding: 4px; border-top: 1px solid #dbdbdb; font-size: 90%;'>Wait for page to load</li>]]>
    </line>
    <line>
      <![CDATA[<li style='background-color: #fcfcfc; padding: 4px; border-top: 1px solid #dbdbdb; font-size: 90%;'>Verify that "css=div#_skolitel h5:contains('Vedoucí') + dl dd:nth(9) a" matches "Milada Burianová"</li>]]>
    </line>
    <line>
      <![CDATA[<li style='background-color: #f8f8f8; padding: 4px; border-top: 1px solid #dbdbdb; font-size: 90%;'>Verify that "css=div#_skolitel h5:contains('Vedoucí') + dl dt:nth(9) a" matches "A Relevance-Theoretic Perspective on the Ideology of Christian Advertisement"</li>]]>
    </line>
    <line>
      <![CDATA[<li style='background-color: #fcfcfc; padding: 4px; border-top: 1px solid #dbdbdb; font-size: 90%;'>Click on "css=div#_skolitel h5:contains('Vedoucí') + dl dt:nth(9) a"</li>]]>
    </line>
    <line>
      <![CDATA[<li style='background-color: #f8f8f8; padding: 4px; border-top: 1px solid #dbdbdb; font-size: 90%;'>Wait for page to load</li>]]>
    </line>
    <line>
      <![CDATA[<li style='background-color: #fcfcfc; padding: 4px; border-top: 1px solid #dbdbdb; font-size: 90%;'>Verify that "css=h1#nadpis" contains "Archiv závěrečné práce Milada Burianová"</li>]]>
    </line>
    <line>
      <![CDATA[<li style='background-color: #f8f8f8; padding: 4px; border-top: 1px solid #dbdbdb; font-size: 90%;'>Verify that "css=div#metadata>h3" contains "Milada Burianová"</li>]]>
    </line>
    <line>
      <![CDATA[<li style='background-color: #fcfcfc; padding: 4px; border-top: 1px solid #dbdbdb; font-size: 90%;'>Verify that "css=div#metadata>h2" matches "A Relevance-Theoretic Perspective on the Ideology of Christian Advertisement"</li>]]>
    </line>
    <line>
      <![CDATA[<li style='background-color: #f8f8f8; padding: 4px; border-top: 1px solid #dbdbdb; font-size: 90%;'>Go back</li>]]>
    </line>
    <line>
      <![CDATA[<li style='background-color: #fcfcfc; padding: 4px; border-top: 1px solid #dbdbdb; font-size: 90%;'>Wait for page to load</li>]]>
    </line>
    <line>
      <![CDATA[<li style='background-color: #f8f8f8; padding: 4px; border-top: 1px solid #dbdbdb; font-size: 90%;'>Click on switch for more results</li>]]>
    </line>
    <line>
      <![CDATA[<li style='background-color: #fcfcfc; padding: 4px; border-top: 1px solid #dbdbdb; font-size: 90%;'>Verify that "css=div#_skolitel h5:contains('Vedoucí') + dl + p + dl dd:nth(0) a" matches "Markéta Kubiesová"</li>]]>
    </line>
    <line>
      <![CDATA[<li style='background-color: #f8f8f8; padding: 4px; border-top: 1px solid #dbdbdb; font-size: 90%;'>Verify that "css=div#_skolitel h5:contains('Vedoucí') + dl + p + dl dt:nth(0) a" matches "Small Animals in Czech, English and German Idioms"</li>]]>
    </line>
    <line>
      <![CDATA[<li style='background-color: #fcfcfc; padding: 4px; border-top: 1px solid #dbdbdb; font-size: 90%;'>Click on "css=div#_skolitel h5:contains('Vedoucí') + dl + p + dl dt:nth(0) a"</li>]]>
    </line>
    <line>
      <![CDATA[<li style='background-color: #f8f8f8; padding: 4px; border-top: 1px solid #dbdbdb; font-size: 90%;'>Wait for page to load</li>]]>
    </line>
    <line>
      <![CDATA[<li style='background-color: #fcfcfc; padding: 4px; border-top: 1px solid #dbdbdb; font-size: 90%;'>Verify that "css=h1#nadpis" contains "Archiv závěrečné práce Markéta Kubiesová"</li>]]>
    </line>
    <line>
      <![CDATA[<li style='background-color: #f8f8f8; padding: 4px; border-top: 1px solid #dbdbdb; font-size: 90%;'>Verify that "css=div#metadata>h3" contains "Markéta Kubiesová"</li>]]>
    </line>
    <line>
      <![CDATA[<li style='background-color: #fcfcfc; padding: 4px; border-top: 1px solid #dbdbdb; font-size: 90%;'>Verify that "css=div#metadata>h2" matches "Small Animals in Czech, English and German Idioms"</li>]]>
    </line>
    <line>
      <![CDATA[<li style='background-color: #f8f8f8; padding: 4px; border-top: 1px solid #dbdbdb; font-size: 90%;'>Go back</li>]]>
    </line>
    <line>
      <![CDATA[<li style='background-color: #fcfcfc; padding: 4px; border-top: 1px solid #dbdbdb; font-size: 90%;'>Wait for page to load</li>]]>
    </line>
    <line>
      <![CDATA[<li style='background-color: #f8f8f8; padding: 4px; border-top: 1px solid #dbdbdb; font-size: 90%;'>Click on switch for more results</li>]]>
    </line>
    <line>
      <![CDATA[<li style='background-color: #fcfcfc; padding: 4px; border-top: 1px solid #dbdbdb; font-size: 90%;'>Verify that "css=div#_skolitel h5:contains('Vedoucí') + dl + p + dl dd:nth(1) a" matches "Jana Havelková"</li>]]>
    </line>
    <line>
      <![CDATA[<li style='background-color: #f8f8f8; padding: 4px; border-top: 1px solid #dbdbdb; font-size: 90%;'>Verify that "css=div#_skolitel h5:contains('Vedoucí') + dl + p + dl dt:nth(1) a" matches "The Australian Aboriginal People in the Past and Present: Thinking White?"</li>]]>
    </line>
    <line>
      <![CDATA[<li style='background-color: #fcfcfc; padding: 4px; border-top: 1px solid #dbdbdb; font-size: 90%;'>Click on "css=div#_skolitel h5:contains('Vedoucí') + dl + p + dl dt:nth(1) a"</li>]]>
    </line>
    <line>
      <![CDATA[<li style='background-color: #f8f8f8; padding: 4px; border-top: 1px solid #dbdbdb; font-size: 90%;'>Wait for page to load</li>]]>
    </line>
    <line>
      <![CDATA[<li style='background-color: #fcfcfc; padding: 4px; border-top: 1px solid #dbdbdb; font-size: 90%;'>Verify that "css=h1#nadpis" contains "Archiv závěrečné práce Jana Havelková"</li>]]>
    </line>
    <line>
      <![CDATA[<div style='background-color: #ffcccc; padding: 5px;'><table style='font-size: 90%;' border='0'><tr><td width='160'><a target='_blank' href='../../test-reports/screenshots/2011-12-27-20-34-19-screenshot-0.png'><img src='../../test-reports/screenshots/2011-12-27-20-34-19-screenshot-0.png' width='150' height='200' /></a></td><td>Failure on page (title, link):<br />Archiv závěrečné práce Jana Ságlová FF B-FI AJ /ff_b/<br /><a target='_blank' href='http://is.muni.cz/th/215719/ff_b/?lang=cs'>http://is.muni.cz/th/215719/ff_b/?lang=cs</a><br /><br />Screenshot saved at:<br /><a target='_blank' href='../../test-reports/screenshots/2011-12-27-20-34-19-screenshot-0.png'>../../test-reports/screenshots/2011-12-27-20-34-19-screenshot-0.png</a> <em>(local link, preview image)</em><br /><a target='_blank' href='../artifact/testng/test-reports/screenshots/2011-12-27-20-34-19-screenshot-0.png'>../artifact/testng/test-reports/screenshots/2011-12-27-20-34-19-screenshot-0.png</a> <em>(Jenkins link)</em></td></tr></table></div>]]>
    </line>
    <line>
      <![CDATA[<li style='background-color: #f8f8f8; padding: 4px; border-top: 1px solid #dbdbdb; font-size: 90%;'>Verify that "css=div#metadata>h3" contains "Jana Havelková"</li>]]>
    </line>
    <line>
      <![CDATA[<li style='background-color: #fcfcfc; padding: 4px; border-top: 1px solid #dbdbdb; font-size: 90%;'>Verify that "css=div#metadata>h2" matches "The Australian Aboriginal People in the Past and Present: Thinking White?"</li>]]>
    </line>
    <line>
      <![CDATA[<li style='background-color: #f8f8f8; padding: 4px; border-top: 1px solid #dbdbdb; font-size: 90%;'>Go back</li>]]>
    </line>
    <line>
      <![CDATA[<li style='background-color: #fcfcfc; padding: 4px; border-top: 1px solid #dbdbdb; font-size: 90%;'>Wait for page to load</li>]]>
    </line>
    <line>
      <![CDATA[<li style='background-color: #f8f8f8; padding: 4px; border-top: 1px solid #dbdbdb; font-size: 90%;'>Click on switch for more results</li>]]>
    </line>
    <line>
      <![CDATA[<li style='background-color: #fcfcfc; padding: 4px; border-top: 1px solid #dbdbdb; font-size: 90%;'>Verify that "css=div#_skolitel h5:contains('Vedoucí') + dl + p + dl dd:nth(2) a" matches "Ivana Bartošková"</li>]]>
    </line>
    <line>
      <![CDATA[<li style='background-color: #f8f8f8; padding: 4px; border-top: 1px solid #dbdbdb; font-size: 90%;'>Verify that "css=div#_skolitel h5:contains('Vedoucí') + dl + p + dl dt:nth(2) a" matches "Construction of Femininity and Masculinity in "Cosmopolitan" and "Maxim""</li>]]>
    </line>
    <line>
      <![CDATA[<li style='background-color: #fcfcfc; padding: 4px; border-top: 1px solid #dbdbdb; font-size: 90%;'>Click on "css=div#_skolitel h5:contains('Vedoucí') + dl + p + dl dt:nth(2) a"</li>]]>
    </line>
    <line>
      <![CDATA[<li style='background-color: #f8f8f8; padding: 4px; border-top: 1px solid #dbdbdb; font-size: 90%;'>Wait for page to load</li>]]>
    </line>
    <line>
      <![CDATA[<li style='background-color: #fcfcfc; padding: 4px; border-top: 1px solid #dbdbdb; font-size: 90%;'>Verify that "css=h1#nadpis" contains "Archiv závěrečné práce Ivana Bartošková"</li>]]>
    </line>
    <line>
      <![CDATA[<li style='background-color: #f8f8f8; padding: 4px; border-top: 1px solid #dbdbdb; font-size: 90%;'>Verify that "css=div#metadata>h3" contains "Ivana Bartošková"</li>]]>
    </line>
    <line>
      <![CDATA[<li style='background-color: #fcfcfc; padding: 4px; border-top: 1px solid #dbdbdb; font-size: 90%;'>Verify that "css=div#metadata>h2" matches "Construction of Femininity and Masculinity in "Cosmopolitan" and "Maxim""</li>]]>
    </line>
    <line>
      <![CDATA[<li style='background-color: #f8f8f8; padding: 4px; border-top: 1px solid #dbdbdb; font-size: 90%;'>Go back</li>]]>
    </line>
    <line>
      <![CDATA[<li style='background-color: #fcfcfc; padding: 4px; border-top: 1px solid #dbdbdb; font-size: 90%;'>Wait for page to load</li>]]>
    </line>
    <line>
      <![CDATA[<li style='background-color: #f8f8f8; padding: 4px; border-top: 1px solid #dbdbdb; font-size: 90%;'>Click on switch for more results</li>]]>
    </line>
    <line>
      <![CDATA[<li style='background-color: #fcfcfc; padding: 4px; border-top: 1px solid #dbdbdb; font-size: 90%;'>Verify that "css=div#_skolitel h5:contains('Vedoucí') + dl + p + dl dd:nth(3) a" matches "Zuzana Reviľaková"</li>]]>
    </line>
    <line>
      <![CDATA[<li style='background-color: #f8f8f8; padding: 4px; border-top: 1px solid #dbdbdb; font-size: 90%;'>Verify that "css=div#_skolitel h5:contains('Vedoucí') + dl + p + dl dt:nth(3) a" matches "The First Fleet and the Escape of Mary Bryant"</li>]]>
    </line>
    <line>
      <![CDATA[<li style='background-color: #fcfcfc; padding: 4px; border-top: 1px solid #dbdbdb; font-size: 90%;'>Click on "css=div#_skolitel h5:contains('Vedoucí') + dl + p + dl dt:nth(3) a"</li>]]>
    </line>
    <line>
      <![CDATA[<li style='background-color: #f8f8f8; padding: 4px; border-top: 1px solid #dbdbdb; font-size: 90%;'>Wait for page to load</li>]]>
    </line>
    <line>
      <![CDATA[<li style='background-color: #fcfcfc; padding: 4px; border-top: 1px solid #dbdbdb; font-size: 90%;'>Verify that "css=h1#nadpis" contains "Archiv závěrečné práce Zuzana Reviľaková"</li>]]>
    </line>
    <line>
      <![CDATA[<li style='background-color: #f8f8f8; padding: 4px; border-top: 1px solid #dbdbdb; font-size: 90%;'>Verify that "css=div#metadata>h3" contains "Zuzana Reviľaková"</li>]]>
    </line>
    <line>
      <![CDATA[<li style='background-color: #fcfcfc; padding: 4px; border-top: 1px solid #dbdbdb; font-size: 90%;'>Verify that "css=div#metadata>h2" matches "The First Fleet and the Escape of Mary Bryant"</li>]]>
    </line>
    <line>
      <![CDATA[<li style='background-color: #f8f8f8; padding: 4px; border-top: 1px solid #dbdbdb; font-size: 90%;'>Go back</li>]]>
    </line>
    <line>
      <![CDATA[<li style='background-color: #fcfcfc; padding: 4px; border-top: 1px solid #dbdbdb; font-size: 90%;'>Wait for page to load</li>]]>
    </line>
    <line>
      <![CDATA[<li style='background-color: #f8f8f8; padding: 4px; border-top: 1px solid #dbdbdb; font-size: 90%;'>Click on switch for more results</li>]]>
    </line>
    <line>
      <![CDATA[<li style='background-color: #fcfcfc; padding: 4px; border-top: 1px solid #dbdbdb; font-size: 90%;'>Verify that "css=div#_skolitel h5:contains('Vedoucí') + dl + p + dl dd:nth(4) a" matches "Jana Foretová"</li>]]>
    </line>
    <line>
      <![CDATA[<li style='background-color: #f8f8f8; padding: 4px; border-top: 1px solid #dbdbdb; font-size: 90%;'>Verify that "css=div#_skolitel h5:contains('Vedoucí') + dl + p + dl dt:nth(4) a" matches "The Stolen Generation"</li>]]>
    </line>
    <line>
      <![CDATA[<li style='background-color: #fcfcfc; padding: 4px; border-top: 1px solid #dbdbdb; font-size: 90%;'>Click on "css=div#_skolitel h5:contains('Vedoucí') + dl + p + dl dt:nth(4) a"</li>]]>
    </line>
    <line>
      <![CDATA[<li style='background-color: #f8f8f8; padding: 4px; border-top: 1px solid #dbdbdb; font-size: 90%;'>Wait for page to load</li>]]>
    </line>
    <line>
      <![CDATA[<li style='background-color: #fcfcfc; padding: 4px; border-top: 1px solid #dbdbdb; font-size: 90%;'>Verify that "css=h1#nadpis" contains "Archiv závěrečné práce Jana Foretová"</li>]]>
    </line>
    <line>
      <![CDATA[<li style='background-color: #f8f8f8; padding: 4px; border-top: 1px solid #dbdbdb; font-size: 90%;'>Verify that "css=div#metadata>h3" contains "Jana Foretová"</li>]]>
    </line>
    <line>
      <![CDATA[<li style='background-color: #fcfcfc; padding: 4px; border-top: 1px solid #dbdbdb; font-size: 90%;'>Verify that "css=div#metadata>h2" matches "The Stolen Generation"</li>]]>
    </line>
    <line>
      <![CDATA[<li style='background-color: #f8f8f8; padding: 4px; border-top: 1px solid #dbdbdb; font-size: 90%;'>Go back</li>]]>
    </line>
    <line>
      <![CDATA[<li style='background-color: #fcfcfc; padding: 4px; border-top: 1px solid #dbdbdb; font-size: 90%;'>Wait for page to load</li>]]>
    </line>
    <line>
      <![CDATA[<li style='background-color: #f8f8f8; padding: 4px; border-top: 1px solid #dbdbdb; font-size: 90%;'>Click on switch for more results</li>]]>
    </line>
    <line>
      <![CDATA[<li style='background-color: #fcfcfc; padding: 4px; border-top: 1px solid #dbdbdb; font-size: 90%;'>Verify that "css=div#_skolitel h5:contains('Vedoucí') + dl + p + dl dd:nth(5) a" matches "Erika Remišová"</li>]]>
    </line>
    <line>
      <![CDATA[<li style='background-color: #f8f8f8; padding: 4px; border-top: 1px solid #dbdbdb; font-size: 90%;'>Verify that "css=div#_skolitel h5:contains('Vedoucí') + dl + p + dl dt:nth(5) a" matches "Multilingualism in the English-speaking World and the Influence of English as a Global Language"</li>]]>
    </line>
    <line>
      <![CDATA[<li style='background-color: #fcfcfc; padding: 4px; border-top: 1px solid #dbdbdb; font-size: 90%;'>Click on "css=div#_skolitel h5:contains('Vedoucí') + dl + p + dl dt:nth(5) a"</li>]]>
    </line>
    <line>
      <![CDATA[<li style='background-color: #f8f8f8; padding: 4px; border-top: 1px solid #dbdbdb; font-size: 90%;'>Wait for page to load</li>]]>
    </line>
    <line>
      <![CDATA[<li style='background-color: #fcfcfc; padding: 4px; border-top: 1px solid #dbdbdb; font-size: 90%;'>Verify that "css=h1#nadpis" contains "Archiv závěrečné práce Erika Remišová"</li>]]>
    </line>
    <line>
      <![CDATA[<li style='background-color: #f8f8f8; padding: 4px; border-top: 1px solid #dbdbdb; font-size: 90%;'>Verify that "css=div#metadata>h3" contains "Erika Remišová"</li>]]>
    </line>
    <line>
      <![CDATA[<li style='background-color: #fcfcfc; padding: 4px; border-top: 1px solid #dbdbdb; font-size: 90%;'>Verify that "css=div#metadata>h2" matches "Multilingualism in the English-speaking World and the Influence of English as a Global Language"</li>]]>
    </line>
    <line>
      <![CDATA[<li style='background-color: #f8f8f8; padding: 4px; border-top: 1px solid #dbdbdb; font-size: 90%;'>Go back</li>]]>
    </line>
    <line>
      <![CDATA[<li style='background-color: #fcfcfc; padding: 4px; border-top: 1px solid #dbdbdb; font-size: 90%;'>Wait for page to load</li>]]>
    </line>
    <line>
      <![CDATA[<li style='background-color: #f8f8f8; padding: 4px; border-top: 1px solid #dbdbdb; font-size: 90%;'>Click on switch for more results</li>]]>
    </line>
    <line>
      <![CDATA[<li style='background-color: #fcfcfc; padding: 4px; border-top: 1px solid #dbdbdb; font-size: 90%;'>Verify that "css=div#_skolitel h5:contains('Vedoucí') + dl + p + dl dd:nth(6) a" matches "Milada Píchová"</li>]]>
    </line>
    <line>
      <![CDATA[<li style='background-color: #f8f8f8; padding: 4px; border-top: 1px solid #dbdbdb; font-size: 90%;'>Verify that "css=div#_skolitel h5:contains('Vedoucí') + dl + p + dl dt:nth(6) a" matches "A Comparison of Thomas Keneally's novel "The Chant of Jimmie Blacksmith" and its Film Version"</li>]]>
    </line>
    <line>
      <![CDATA[<li style='background-color: #fcfcfc; padding: 4px; border-top: 1px solid #dbdbdb; font-size: 90%;'>Click on "css=div#_skolitel h5:contains('Vedoucí') + dl + p + dl dt:nth(6) a"</li>]]>
    </line>
    <line>
      <![CDATA[<li style='background-color: #f8f8f8; padding: 4px; border-top: 1px solid #dbdbdb; font-size: 90%;'>Wait for page to load</li>]]>
    </line>
    <line>
      <![CDATA[<li style='background-color: #fcfcfc; padding: 4px; border-top: 1px solid #dbdbdb; font-size: 90%;'>Verify that "css=h1#nadpis" contains "Archiv závěrečné práce Milada Píchová"</li>]]>
    </line>
    <line>
      <![CDATA[<li style='background-color: #f8f8f8; padding: 4px; border-top: 1px solid #dbdbdb; font-size: 90%;'>Verify that "css=div#metadata>h3" contains "Milada Píchová"</li>]]>
    </line>
    <line>
      <![CDATA[<li style='background-color: #fcfcfc; padding: 4px; border-top: 1px solid #dbdbdb; font-size: 90%;'>Verify that "css=div#metadata>h2" matches "A Comparison of Thomas Keneally's novel "The Chant of Jimmie Blacksmith" and its Film Version"</li>]]>
    </line>
    <line>
      <![CDATA[<li style='background-color: #f8f8f8; padding: 4px; border-top: 1px solid #dbdbdb; font-size: 90%;'>Go back</li>]]>
    </line>
    <line>
      <![CDATA[<li style='background-color: #fcfcfc; padding: 4px; border-top: 1px solid #dbdbdb; font-size: 90%;'>Wait for page to load</li>]]>
    </line>
    <line>
      <![CDATA[<li style='background-color: #f8f8f8; padding: 4px; border-top: 1px solid #dbdbdb; font-size: 90%;'>Click on switch for more results</li>]]>
    </line>
    <line>
      <![CDATA[<li style='background-color: #fcfcfc; padding: 4px; border-top: 1px solid #dbdbdb; font-size: 90%;'>Verify that "css=div#_skolitel h5:contains('Vedoucí') + dl + p + dl dd:nth(7) a" matches "Jana Boháčková"</li>]]>
    </line>
    <line>
      <![CDATA[<li style='background-color: #f8f8f8; padding: 4px; border-top: 1px solid #dbdbdb; font-size: 90%;'>Verify that "css=div#_skolitel h5:contains('Vedoucí') + dl + p + dl dt:nth(7) a" matches "The Gallipoli Campaign"</li>]]>
    </line>
    <line>
      <![CDATA[<li style='background-color: #fcfcfc; padding: 4px; border-top: 1px solid #dbdbdb; font-size: 90%;'>Click on "css=div#_skolitel h5:contains('Vedoucí') + dl + p + dl dt:nth(7) a"</li>]]>
    </line>
    <line>
      <![CDATA[<li style='background-color: #f8f8f8; padding: 4px; border-top: 1px solid #dbdbdb; font-size: 90%;'>Wait for page to load</li>]]>
    </line>
    <line>
      <![CDATA[<li style='background-color: #fcfcfc; padding: 4px; border-top: 1px solid #dbdbdb; font-size: 90%;'>Verify that "css=h1#nadpis" contains "Archiv závěrečné práce Jana Boháčková"</li>]]>
    </line>
    <line>
      <![CDATA[<div style='background-color: #ffcccc; padding: 5px;'><table style='font-size: 90%;' border='0'><tr><td width='160'><a target='_blank' href='../../test-reports/screenshots/2011-12-27-20-35-02-screenshot-1.png'><img src='../../test-reports/screenshots/2011-12-27-20-35-02-screenshot-1.png' width='150' height='200' /></a></td><td>Failure on page (title, link):<br />Archiv závěrečné práce Jana Pěgřímová FF B-FI AJ /ff_b/<br /><a target='_blank' href='http://is.muni.cz/th/106458/ff_b/?lang=cs'>http://is.muni.cz/th/106458/ff_b/?lang=cs</a><br /><br />Screenshot saved at:<br /><a target='_blank' href='../../test-reports/screenshots/2011-12-27-20-35-02-screenshot-1.png'>../../test-reports/screenshots/2011-12-27-20-35-02-screenshot-1.png</a> <em>(local link, preview image)</em><br /><a target='_blank' href='../artifact/testng/test-reports/screenshots/2011-12-27-20-35-02-screenshot-1.png'>../artifact/testng/test-reports/screenshots/2011-12-27-20-35-02-screenshot-1.png</a> <em>(Jenkins link)</em></td></tr></table></div>]]>
    </line>
    <line>
      <![CDATA[<li style='background-color: #f8f8f8; padding: 4px; border-top: 1px solid #dbdbdb; font-size: 90%;'>Verify that "css=div#metadata>h3" contains "Jana Boháčková"</li>]]>
    </line>
    <line>
      <![CDATA[<li style='background-color: #fcfcfc; padding: 4px; border-top: 1px solid #dbdbdb; font-size: 90%;'>Verify that "css=div#metadata>h2" matches "The Gallipoli Campaign"</li>]]>
    </line>
    <line>
      <![CDATA[<li style='background-color: #f8f8f8; padding: 4px; border-top: 1px solid #dbdbdb; font-size: 90%;'>Go back</li>]]>
    </line>
    <line>
      <![CDATA[<li style='background-color: #fcfcfc; padding: 4px; border-top: 1px solid #dbdbdb; font-size: 90%;'>Wait for page to load</li>]]>
    </line>
    <line>
      <![CDATA[<li style='background-color: #f8f8f8; padding: 4px; border-top: 1px solid #dbdbdb; font-size: 90%;'>Click on switch for more results</li>]]>
    </line>
    <line>
      <![CDATA[<li style='background-color: #fcfcfc; padding: 4px; border-top: 1px solid #dbdbdb; font-size: 90%;'>Verify that "css=div#_skolitel h5:contains('Vedoucí') + dl + p + dl dd:nth(8) a" matches "Zuzana Lakomá"</li>]]>
    </line>
    <line>
      <![CDATA[<li style='background-color: #f8f8f8; padding: 4px; border-top: 1px solid #dbdbdb; font-size: 90%;'>Verify that "css=div#_skolitel h5:contains('Vedoucí') + dl + p + dl dt:nth(8) a" matches "Social Identity and Verbal Communication in Australian Context"</li>]]>
    </line>
    <line>
      <![CDATA[<li style='background-color: #fcfcfc; padding: 4px; border-top: 1px solid #dbdbdb; font-size: 90%;'>Click on "css=div#_skolitel h5:contains('Vedoucí') + dl + p + dl dt:nth(8) a"</li>]]>
    </line>
    <line>
      <![CDATA[<li style='background-color: #f8f8f8; padding: 4px; border-top: 1px solid #dbdbdb; font-size: 90%;'>Wait for page to load</li>]]>
    </line>
    <line>
      <![CDATA[<li style='background-color: #fcfcfc; padding: 4px; border-top: 1px solid #dbdbdb; font-size: 90%;'>Verify that "css=h1#nadpis" contains "Archiv závěrečné práce Zuzana Lakomá"</li>]]>
    </line>
    <line>
      <![CDATA[<li style='background-color: #f8f8f8; padding: 4px; border-top: 1px solid #dbdbdb; font-size: 90%;'>Verify that "css=div#metadata>h3" contains "Zuzana Lakomá"</li>]]>
    </line>
    <line>
      <![CDATA[<li style='background-color: #fcfcfc; padding: 4px; border-top: 1px solid #dbdbdb; font-size: 90%;'>Verify that "css=div#metadata>h2" matches "Social Identity and Verbal Communication in Australian Context"</li>]]>
    </line>
    <line>
      <![CDATA[<li style='background-color: #f8f8f8; padding: 4px; border-top: 1px solid #dbdbdb; font-size: 90%;'>Go back</li>]]>
    </line>
    <line>
      <![CDATA[<li style='background-color: #fcfcfc; padding: 4px; border-top: 1px solid #dbdbdb; font-size: 90%;'>Wait for page to load</li>]]>
    </line>
    <line>
      <![CDATA[<li style='background-color: #f8f8f8; padding: 4px; border-top: 1px solid #dbdbdb; font-size: 90%;'>Click on switch for more results</li>]]>
    </line>
    <line>
      <![CDATA[<li style='background-color: #fcfcfc; padding: 4px; border-top: 1px solid #dbdbdb; font-size: 90%;'>Verify that "css=div#_skolitel h5:contains('Vedoucí') + dl + p + dl dd:nth(9) a" matches "Andrea Čejková"</li>]]>
    </line>
    <line>
      <![CDATA[<li style='background-color: #f8f8f8; padding: 4px; border-top: 1px solid #dbdbdb; font-size: 90%;'>Verify that "css=div#_skolitel h5:contains('Vedoucí') + dl + p + dl dt:nth(9) a" matches "Generic masculine nouns and pronouns (perceived as linguistic tools to exclude women)"</li>]]>
    </line>
    <line>
      <![CDATA[<li style='background-color: #fcfcfc; padding: 4px; border-top: 1px solid #dbdbdb; font-size: 90%;'>Click on "css=div#_skolitel h5:contains('Vedoucí') + dl + p + dl dt:nth(9) a"</li>]]>
    </line>
    <line>
      <![CDATA[<li style='background-color: #f8f8f8; padding: 4px; border-top: 1px solid #dbdbdb; font-size: 90%;'>Wait for page to load</li>]]>
    </line>
    <line>
      <![CDATA[<li style='background-color: #fcfcfc; padding: 4px; border-top: 1px solid #dbdbdb; font-size: 90%;'>Verify that "css=h1#nadpis" contains "Archiv závěrečné práce Andrea Čejková"</li>]]>
    </line>
    <line>
      <![CDATA[<li style='background-color: #f8f8f8; padding: 4px; border-top: 1px solid #dbdbdb; font-size: 90%;'>Verify that "css=div#metadata>h3" contains "Andrea Čejková"</li>]]>
    </line>
    <line>
      <![CDATA[<li style='background-color: #fcfcfc; padding: 4px; border-top: 1px solid #dbdbdb; font-size: 90%;'>Verify that "css=div#metadata>h2" matches "Generic masculine nouns and pronouns (perceived as linguistic tools to exclude women)"</li>]]>
    </line>
    <line>
      <![CDATA[<li style='background-color: #f8f8f8; padding: 4px; border-top: 1px solid #dbdbdb; font-size: 90%;'>Go back</li>]]>
    </line>
    <line>
      <![CDATA[<li style='background-color: #fcfcfc; padding: 4px; border-top: 1px solid #dbdbdb; font-size: 90%;'>Wait for page to load</li>]]>
    </line>
    <line>
      <![CDATA[<li style='background-color: #f8f8f8; padding: 4px; border-top: 1px solid #dbdbdb; font-size: 90%;'>Click on switch for more results</li>]]>
    </line>
    <line>
      <![CDATA[<li style='background-color: #fcfcfc; padding: 4px; border-top: 1px solid #dbdbdb; font-size: 90%;'>Verify that "css=div#_skolitel h5:contains('Vedoucí') + dl + p + dl dd:nth(10) a" matches "Milada Burianová"</li>]]>
    </line>
    <line>
      <![CDATA[<li style='background-color: #f8f8f8; padding: 4px; border-top: 1px solid #dbdbdb; font-size: 90%;'>Verify that "css=div#_skolitel h5:contains('Vedoucí') + dl + p + dl dt:nth(10) a" matches "The Language of Church Advertisements"</li>]]>
    </line>
    <line>
      <![CDATA[<li style='background-color: #fcfcfc; padding: 4px; border-top: 1px solid #dbdbdb; font-size: 90%;'>Click on "css=div#_skolitel h5:contains('Vedoucí') + dl + p + dl dt:nth(10) a"</li>]]>
    </line>
    <line>
      <![CDATA[<li style='background-color: #f8f8f8; padding: 4px; border-top: 1px solid #dbdbdb; font-size: 90%;'>Wait for page to load</li>]]>
    </line>
    <line>
      <![CDATA[<li style='background-color: #fcfcfc; padding: 4px; border-top: 1px solid #dbdbdb; font-size: 90%;'>Verify that "css=h1#nadpis" contains "Archiv závěrečné práce Milada Burianová"</li>]]>
    </line>
    <line>
      <![CDATA[<li style='background-color: #f8f8f8; padding: 4px; border-top: 1px solid #dbdbdb; font-size: 90%;'>Verify that "css=div#metadata>h3" contains "Milada Burianová"</li>]]>
    </line>
    <line>
      <![CDATA[<li style='background-color: #fcfcfc; padding: 4px; border-top: 1px solid #dbdbdb; font-size: 90%;'>Verify that "css=div#metadata>h2" matches "The Language of Church Advertisements"</li>]]>
    </line>
    <line>
      <![CDATA[<li style='background-color: #f8f8f8; padding: 4px; border-top: 1px solid #dbdbdb; font-size: 90%;'>Go back</li>]]>
    </line>
    <line>
      <![CDATA[<li style='background-color: #fcfcfc; padding: 4px; border-top: 1px solid #dbdbdb; font-size: 90%;'>Wait for page to load</li>]]>
    </line>
    <line>
      <![CDATA[<li style='background-color: #f8f8f8; padding: 4px; border-top: 1px solid #dbdbdb; font-size: 90%;'>Click on switch for more results</li>]]>
    </line>
    <line>
      <![CDATA[<li style='background-color: #fcfcfc; padding: 4px; border-top: 1px solid #dbdbdb; font-size: 90%;'>Verify that "css=div#_skolitel h5:contains('Vedoucí') + dl + p + dl dd:nth(11) a" matches "Martin Měšťánek"</li>]]>
    </line>
    <line>
      <![CDATA[<li style='background-color: #f8f8f8; padding: 4px; border-top: 1px solid #dbdbdb; font-size: 90%;'>Verify that "css=div#_skolitel h5:contains('Vedoucí') + dl + p + dl dt:nth(11) a" matches "The Indigenous Peoples of Australia - the Path to Reconciliation (1800s - 1967)"</li>]]>
    </line>
    <line>
      <![CDATA[<li style='background-color: #fcfcfc; padding: 4px; border-top: 1px solid #dbdbdb; font-size: 90%;'>Click on "css=div#_skolitel h5:contains('Vedoucí') + dl + p + dl dt:nth(11) a"</li>]]>
    </line>
    <line>
      <![CDATA[<li style='background-color: #f8f8f8; padding: 4px; border-top: 1px solid #dbdbdb; font-size: 90%;'>Wait for page to load</li>]]>
    </line>
    <line>
      <![CDATA[<li style='background-color: #fcfcfc; padding: 4px; border-top: 1px solid #dbdbdb; font-size: 90%;'>Verify that "css=h1#nadpis" contains "Archiv závěrečné práce Martin Měšťánek"</li>]]>
    </line>
    <line>
      <![CDATA[<li style='background-color: #f8f8f8; padding: 4px; border-top: 1px solid #dbdbdb; font-size: 90%;'>Verify that "css=div#metadata>h3" contains "Martin Měšťánek"</li>]]>
    </line>
    <line>
      <![CDATA[<li style='background-color: #fcfcfc; padding: 4px; border-top: 1px solid #dbdbdb; font-size: 90%;'>Verify that "css=div#metadata>h2" matches "The Indigenous Peoples of Australia - the Path to Reconciliation (1800s - 1967)"</li>]]>
    </line>
    <line>
      <![CDATA[<li style='background-color: #f8f8f8; padding: 4px; border-top: 1px solid #dbdbdb; font-size: 90%;'>Go back</li>]]>
    </line>
    <line>
      <![CDATA[<li style='background-color: #fcfcfc; padding: 4px; border-top: 1px solid #dbdbdb; font-size: 90%;'>Wait for page to load</li>]]>
    </line>
    <line>
      <![CDATA[<li style='background-color: #f8f8f8; padding: 4px; border-top: 1px solid #dbdbdb; font-size: 90%;'>Click on switch for more results</li>]]>
    </line>
    <line>
      <![CDATA[<li style='background-color: #fcfcfc; padding: 4px; border-top: 1px solid #dbdbdb; font-size: 90%;'>Verify that "css=div#_skolitel h5:contains('Vedoucí') + dl + p + dl dd:nth(12) a" matches "Eva Lukáčová"</li>]]>
    </line>
    <line>
      <![CDATA[<li style='background-color: #f8f8f8; padding: 4px; border-top: 1px solid #dbdbdb; font-size: 90%;'>Verify that "css=div#_skolitel h5:contains('Vedoucí') + dl + p + dl dt:nth(12) a" matches "Humor zalozeny na jazyku v sucasnej animacii: Sheep in the Big City"</li>]]>
    </line>
    <line>
      <![CDATA[<li style='background-color: #fcfcfc; padding: 4px; border-top: 1px solid #dbdbdb; font-size: 90%;'>Click on "css=div#_skolitel h5:contains('Vedoucí') + dl + p + dl dt:nth(12) a"</li>]]>
    </line>
    <line>
      <![CDATA[<li style='background-color: #f8f8f8; padding: 4px; border-top: 1px solid #dbdbdb; font-size: 90%;'>Wait for page to load</li>]]>
    </line>
    <line>
      <![CDATA[<li style='background-color: #fcfcfc; padding: 4px; border-top: 1px solid #dbdbdb; font-size: 90%;'>Verify that "css=h1#nadpis" contains "Archiv závěrečné práce Eva Lukáčová"</li>]]>
    </line>
    <line>
      <![CDATA[<div style='background-color: #ffcccc; padding: 5px;'><table style='font-size: 90%;' border='0'><tr><td width='160'><a target='_blank' href='../../test-reports/screenshots/2011-12-27-20-35-40-screenshot-2.png'><img src='../../test-reports/screenshots/2011-12-27-20-35-40-screenshot-2.png' width='150' height='200' /></a></td><td>Failure on page (title, link):<br />Archiv závěrečné práce Eva Kluková FF M-FI AJ /ff_m/<br /><a target='_blank' href='http://is.muni.cz/th/65075/ff_m/?lang=cs'>http://is.muni.cz/th/65075/ff_m/?lang=cs</a><br /><br />Screenshot saved at:<br /><a target='_blank' href='../../test-reports/screenshots/2011-12-27-20-35-40-screenshot-2.png'>../../test-reports/screenshots/2011-12-27-20-35-40-screenshot-2.png</a> <em>(local link, preview image)</em><br /><a target='_blank' href='../artifact/testng/test-reports/screenshots/2011-12-27-20-35-40-screenshot-2.png'>../artifact/testng/test-reports/screenshots/2011-12-27-20-35-40-screenshot-2.png</a> <em>(Jenkins link)</em></td></tr></table></div>]]>
    </line>
    <line>
      <![CDATA[<li style='background-color: #f8f8f8; padding: 4px; border-top: 1px solid #dbdbdb; font-size: 90%;'>Verify that "css=div#metadata>h3" contains "Eva Lukáčová"</li>]]>
    </line>
    <line>
      <![CDATA[<li style='background-color: #fcfcfc; padding: 4px; border-top: 1px solid #dbdbdb; font-size: 90%;'>Verify that "css=div#metadata>h2" matches "Humor zalozeny na jazyku v sucasnej animacii: Sheep in the Big City"</li>]]>
    </line>
    <line>
      <![CDATA[<li style='background-color: #f8f8f8; padding: 4px; border-top: 1px solid #dbdbdb; font-size: 90%;'>Go back</li>]]>
    </line>
    <line>
      <![CDATA[<li style='background-color: #fcfcfc; padding: 4px; border-top: 1px solid #dbdbdb; font-size: 90%;'>Wait for page to load</li>]]>
    </line>
    <line>
      <![CDATA[<li style='background-color: #f8f8f8; padding: 4px; border-top: 1px solid #dbdbdb; font-size: 90%;'>Click on switch for more results</li>]]>
    </line>
    <line>
      <![CDATA[<li style='background-color: #fcfcfc; padding: 4px; border-top: 1px solid #dbdbdb; font-size: 90%;'>Verify that "css=div#_skolitel h5:contains('Vedoucí') + dl + p + dl dd:nth(13) a" matches "Pavla Kramářová"</li>]]>
    </line>
    <line>
      <![CDATA[<li style='background-color: #f8f8f8; padding: 4px; border-top: 1px solid #dbdbdb; font-size: 90%;'>Verify that "css=div#_skolitel h5:contains('Vedoucí') + dl + p + dl dt:nth(13) a" matches "Te Tiriti o Waitangi"</li>]]>
    </line>
    <line>
      <![CDATA[<li style='background-color: #fcfcfc; padding: 4px; border-top: 1px solid #dbdbdb; font-size: 90%;'>Click on "css=div#_skolitel h5:contains('Vedoucí') + dl + p + dl dt:nth(13) a"</li>]]>
    </line>
    <line>
      <![CDATA[<li style='background-color: #f8f8f8; padding: 4px; border-top: 1px solid #dbdbdb; font-size: 90%;'>Wait for page to load</li>]]>
    </line>
    <line>
      <![CDATA[<li style='background-color: #fcfcfc; padding: 4px; border-top: 1px solid #dbdbdb; font-size: 90%;'>Verify that "css=h1#nadpis" contains "Archiv závěrečné práce Pavla Kramářová"</li>]]>
    </line>
    <line>
      <![CDATA[<li style='background-color: #f8f8f8; padding: 4px; border-top: 1px solid #dbdbdb; font-size: 90%;'>Verify that "css=div#metadata>h3" contains "Pavla Kramářová"</li>]]>
    </line>
    <line>
      <![CDATA[<li style='background-color: #fcfcfc; padding: 4px; border-top: 1px solid #dbdbdb; font-size: 90%;'>Verify that "css=div#metadata>h2" matches "Te Tiriti o Waitangi"</li>]]>
    </line>
    <line>
      <![CDATA[<li style='background-color: #f8f8f8; padding: 4px; border-top: 1px solid #dbdbdb; font-size: 90%;'>Go back</li>]]>
    </line>
    <line>
      <![CDATA[<li style='background-color: #fcfcfc; padding: 4px; border-top: 1px solid #dbdbdb; font-size: 90%;'>Wait for page to load</li>]]>
    </line>
    <line>
      <![CDATA[<li style='background-color: #f8f8f8; padding: 4px; border-top: 1px solid #dbdbdb; font-size: 90%;'>Click on switch for more results</li>]]>
    </line>
    <line>
      <![CDATA[<li style='background-color: #fcfcfc; padding: 4px; border-top: 1px solid #dbdbdb; font-size: 90%;'>Verify that "css=div#_skolitel h5:contains('Vedoucí') + dl + p + dl dd:nth(14) a" matches "Štěpánka Dubinová"</li>]]>
    </line>
    <line>
      <![CDATA[<li style='background-color: #f8f8f8; padding: 4px; border-top: 1px solid #dbdbdb; font-size: 90%;'>Verify that "css=div#_skolitel h5:contains('Vedoucí') + dl + p + dl dt:nth(14) a" matches "Attributes Cconnected with Men And Women"</li>]]>
    </line>
    <line>
      <![CDATA[<li style='background-color: #fcfcfc; padding: 4px; border-top: 1px solid #dbdbdb; font-size: 90%;'>Click on "css=div#_skolitel h5:contains('Vedoucí') + dl + p + dl dt:nth(14) a"</li>]]>
    </line>
    <line>
      <![CDATA[<li style='background-color: #f8f8f8; padding: 4px; border-top: 1px solid #dbdbdb; font-size: 90%;'>Wait for page to load</li>]]>
    </line>
    <line>
      <![CDATA[<li style='background-color: #fcfcfc; padding: 4px; border-top: 1px solid #dbdbdb; font-size: 90%;'>Verify that "css=h1#nadpis" contains "Archiv závěrečné práce Štěpánka Dubinová"</li>]]>
    </line>
    <line>
[...]
	at org.testng.TestNG.runSuitesSequentially(TestNG.java:1035)
	at org.testng.TestNG.runSuitesLocally(TestNG.java:964)
	at org.testng.TestNG.run(TestNG.java:900)
	at org.testng.TestNG.privateMain(TestNG.java:1182)
	at org.testng.TestNG.main(TestNG.java:1146)
]]>
            </full-stacktrace>
          </exception>
        </test-method>
        <test-method status="PASS" signature="checkRoleThesesReader(tests.AgendaLide$SupervisorTabData, java.lang.String, java.lang.String)" name="checkRoleThesesReader" duration-ms="20282" started-at="2011-12-27T20:35:55Z" description="Checks name and topic for block of information: Theses - Reader." finished-at="2011-12-27T20:36:15Z">
          <params>
            <param index="0">
              <value>
                <![CDATA[tests.AgendaLide$SupervisorTabData@19a8bd1]]>
              </value>
            </param>
            <param index="1">
              <value>
                <![CDATA[File: .\data\supervisorTabData.xls]]>
              </value>
            </param>
            <param index="2">
              <value>
                <![CDATA[Row: 1]]>
              </value>
            </param>
          </params>
        </test-method>
        <test-method status="PASS" signature="checkRoleThesesReader(tests.AgendaLide$SupervisorTabData, java.lang.String, java.lang.String)" name="checkRoleThesesReader" duration-ms="63981" started-at="2011-12-27T20:36:15Z" description="Checks name and topic for block of information: Theses - Reader." finished-at="2011-12-27T20:37:19Z">
          <params>
            <param index="0">
              <value>
                <![CDATA[tests.AgendaLide$SupervisorTabData@151516b]]>
              </value>
            </param>
            <param index="1">
              <value>
                <![CDATA[File: .\data\supervisorTabData.xls]]>
              </value>
            </param>
            <param index="2">
              <value>
                <![CDATA[Row: 2]]>
              </value>
            </param>
          </params>
        </test-method>
        <test-method status="PASS" signature="checkRoleThesesReader(tests.AgendaLide$SupervisorTabData, java.lang.String, java.lang.String)" name="checkRoleThesesReader" duration-ms="15070" started-at="2011-12-27T20:37:19Z" description="Checks name and topic for block of information: Theses - Reader." finished-at="2011-12-27T20:37:34Z">
          <params>
            <param index="0">
              <value>
                <![CDATA[tests.AgendaLide$SupervisorTabData@1b8738f]]>
              </value>
            </param>
            <param index="1">
              <value>
                <![CDATA[File: .\data\supervisorTabData.xls]]>
              </value>
            </param>
            <param index="2">
              <value>
                <![CDATA[Row: 3]]>
              </value>
            </param>
          </params>
        </test-method>
      </class>
    </test>
    <test name="UCE02_TC01-zalozka-publikace" duration-ms="65868" started-at="2011-12-27T20:37:34Z" finished-at="2011-12-27T20:38:40Z">
      <class name="tests.AgendaLide">
        <test-method status="PASS" signature="startSelenium(org.testng.ITestContext)" name="startSelenium" is-config="true" duration-ms="12363" started-at="2011-12-27T20:32:21Z" finished-at="2011-12-27T20:32:33Z">
          <params>
            <param index="0">
              <value>
                <![CDATA[org.testng.TestRunner@11bfacc]]>
              </value>
            </param>
          </params>
        </test-method>
        <test-method status="PASS" signature="checkPublications(tests.AgendaLide$PublicationsTabData, java.lang.String, java.lang.String)" name="checkPublications" duration-ms="20501" started-at="2011-12-27T20:37:35Z" description="Checks specific person&#039;s publications." finished-at="2011-12-27T20:37:55Z">
          <params>
            <param index="0">
              <value>
                <![CDATA[tests.AgendaLide$PublicationsTabData@10cde92]]>
              </value>
            </param>
            <param index="1">
              <value>
                <![CDATA[File: .\data\publicationsTabData.xls]]>
              </value>
            </param>
            <param index="2">
              <value>
                <![CDATA[Row: 1]]>
              </value>
            </param>
          </params>
        </test-method>
        <test-method status="PASS" signature="checkPublications(tests.AgendaLide$PublicationsTabData, java.lang.String, java.lang.String)" name="checkPublications" duration-ms="9189" started-at="2011-12-27T20:37:55Z" description="Checks specific person&#039;s publications." finished-at="2011-12-27T20:38:04Z">
          <params>
            <param index="0">
              <value>
                <![CDATA[tests.AgendaLide$PublicationsTabData@1e85538]]>
              </value>
            </param>
            <param index="1">
              <value>
                <![CDATA[File: .\data\publicationsTabData.xls]]>
              </value>
            </param>
            <param index="2">
              <value>
                <![CDATA[Row: 2]]>
              </value>
            </param>
          </params>
        </test-method>
        <test-method status="FAIL" signature="checkPublications(tests.AgendaLide$PublicationsTabData, java.lang.String, java.lang.String)" name="checkPublications" duration-ms="36022" started-at="2011-12-27T20:38:04Z" description="Checks specific person&#039;s publications." finished-at="2011-12-27T20:38:40Z">
          <params>
            <param index="0">
              <value>
                <![CDATA[tests.AgendaLide$PublicationsTabData@1e4f9af]]>
              </value>
            </param>
            <param index="1">
              <value>
                <![CDATA[File: .\data\publicationsTabData.xls]]>
              </value>
            </param>
            <param index="2">
              <value>
                <![CDATA[Row: 3]]>
              </value>
            </param>
          </params>
          <exception class="java.lang.Throwable">
            <message>
              <![CDATA[Multiple failures (3):

Failure 1 of 3:
java.lang.AssertionError: 

Failure on page (title, link):
A central repository of publication results, implemented as a part of systems for revealing ...
https://is.muni.cz/publication/956090/cs?lang=cs

Additional information:
Verify that "css=h1#nadpis" matches "A central repository of publication results, implemented as a part of systems for revealing plagiarism"

 expected:<A central repository of publication results, implemented as a part of systems for revealing plagiarism> but was:<A central repository of publication results, implemented as a part of systems for revealing ...>
	at org.testng.Assert.fail(Assert.java:89)
	at org.testng.Assert.failNotEquals(Assert.java:480)
	at org.testng.Assert.assertEquals(Assert.java:118)
	at tests.TestBase.assertEquals(TestBase.java:268)
	at tests.TestBase.verifyEquals(TestBase.java:332)
	at tests.AgendaLide.checkPublications(AgendaLide.java:523)
	at sun.reflect.NativeMethodAccessorImpl.invoke0(Native Method)
	at sun.reflect.NativeMethodAccessorImpl.invoke(NativeMethodAccessorImpl.java:57)
	at sun.reflect.DelegatingMethodAccessorImpl.invoke(DelegatingMethodAccessorImpl.java:43)
	at java.lang.reflect.Method.invoke(Method.java:601)
	at org.testng.internal.MethodInvocationHelper.invokeMethod(MethodInvocationHelper.java:76)
	at org.testng.internal.Invoker.invokeMethod(Invoker.java:673)
	at org.testng.internal.Invoker.invokeTestMethod(Invoker.java:846)
	at org.testng.internal.Invoker.invokeTestMethods(Invoker.java:1170)
	at org.testng.internal.TestMethodWorker.invokeTestMethods(TestMethodWorker.java:125)
	at org.testng.internal.TestMethodWorker.run(TestMethodWorker.java:109)
	at org.testng.TestRunner.runWorkers(TestRunner.java:1147)
	at org.testng.TestRunner.privateRun(TestRunner.java:749)
	at org.testng.TestRunner.run(TestRunner.java:600)
	at org.testng.SuiteRunner.runTest(SuiteRunner.java:317)
	at org.testng.SuiteRunner.runSequentially(SuiteRunner.java:312)
	at org.testng.SuiteRunner.privateRun(SuiteRunner.java:274)
	at org.testng.SuiteRunner.run(SuiteRunner.java:223)
	at org.testng.SuiteRunnerWorker.runSuite(SuiteRunnerWorker.java:52)
	at org.testng.SuiteRunnerWorker.run(SuiteRunnerWorker.java:86)
	at org.testng.TestNG.runSuitesSequentially(TestNG.java:1039)
	at org.testng.TestNG.runSuitesSequentially(TestNG.java:1035)
	at org.testng.TestNG.runSuitesLocally(TestNG.java:964)
	at org.testng.TestNG.run(TestNG.java:900)
	at org.testng.TestNG.privateMain(TestNG.java:1182)
	at org.testng.TestNG.main(TestNG.java:1146)



Failure 2 of 3:
java.lang.AssertionError: 

Failure on page (title, link):
E-learning 2.0, or Sharing Educational Contents and Specialized Knowledge by Means of Information ...
https://is.muni.cz/publication/868967/cs?lang=cs

Additional information:
Verify that "css=h1#nadpis" matches "E-learning 2.0, or Sharing Educational Contents and Specialized Knowledge by Means of Information System of Masaryk University (IS MU)"

 expected:<E-learning 2.0, or Sharing Educational Contents and Specialized Knowledge by Means of Information System of Masaryk University (IS MU)> but was:<E-learning 2.0, or Sharing Educational Contents and Specialized Knowledge by Means of Information ...>
	at org.testng.Assert.fail(Assert.java:89)
	at org.testng.Assert.failNotEquals(Assert.java:480)
	at org.testng.Assert.assertEquals(Assert.java:118)
	at tests.TestBase.assertEquals(TestBase.java:268)
	at tests.TestBase.verifyEquals(TestBase.java:332)
	at tests.AgendaLide.checkPublications(AgendaLide.java:523)
	at sun.reflect.NativeMethodAccessorImpl.invoke0(Native Method)
	at sun.reflect.NativeMethodAccessorImpl.invoke(NativeMethodAccessorImpl.java:57)
	at sun.reflect.DelegatingMethodAccessorImpl.invoke(DelegatingMethodAccessorImpl.java:43)
	at java.lang.reflect.Method.invoke(Method.java:601)
	at org.testng.internal.MethodInvocationHelper.invokeMethod(MethodInvocationHelper.java:76)
	at org.testng.internal.Invoker.invokeMethod(Invoker.java:673)
	at org.testng.internal.Invoker.invokeTestMethod(Invoker.java:846)
	at org.testng.internal.Invoker.invokeTestMethods(Invoker.java:1170)
	at org.testng.internal.TestMethodWorker.invokeTestMethods(TestMethodWorker.java:125)
	at org.testng.internal.TestMethodWorker.run(TestMethodWorker.java:109)
	at org.testng.TestRunner.runWorkers(TestRunner.java:1147)
	at org.testng.TestRunner.privateRun(TestRunner.java:749)
	at org.testng.TestRunner.run(TestRunner.java:600)
	at org.testng.SuiteRunner.runTest(SuiteRunner.java:317)
	at org.testng.SuiteRunner.runSequentially(SuiteRunner.java:312)
	at org.testng.SuiteRunner.privateRun(SuiteRunner.java:274)
	at org.testng.SuiteRunner.run(SuiteRunner.java:223)
	at org.testng.SuiteRunnerWorker.runSuite(SuiteRunnerWorker.java:52)
	at org.testng.SuiteRunnerWorker.run(SuiteRunnerWorker.java:86)
	at org.testng.TestNG.runSuitesSequentially(TestNG.java:1039)
	at org.testng.TestNG.runSuitesSequentially(TestNG.java:1035)
	at org.testng.TestNG.runSuitesLocally(TestNG.java:964)
	at org.testng.TestNG.run(TestNG.java:900)
	at org.testng.TestNG.privateMain(TestNG.java:1182)
	at org.testng.TestNG.main(TestNG.java:1146)



Failure 3 of 3:
java.lang.AssertionError: 

Failure on page (title, link):
Plošná inovace předmětů s využitím e-learningových nástrojů Informačního systému Masarykovy ...
https://is.muni.cz/publication/860042/cs?lang=cs

Additional information:
Verify that "css=h1#nadpis" matches "Plošná inovace předmětů s využitím e-learningových nástrojů Informačního systému Masarykovy univerzity (IS MU)"

 expected:<Plošná inovace předmětů s využitím e-learningových nástrojů Informačního systému Masarykovy univerzity (IS MU)> but was:<Plošná inovace předmětů s využitím e-learningových nástrojů Informačního systému Masarykovy ...>]]>
            </message>
            <full-stacktrace>
              <![CDATA[java.lang.Throwable: Multiple failures (3):

Failure 1 of 3:
java.lang.AssertionError: 

Failure on page (title, link):
A central repository of publication results, implemented as a part of systems for revealing ...
https://is.muni.cz/publication/956090/cs?lang=cs

Additional information:
Verify that "css=h1#nadpis" matches "A central repository of publication results, implemented as a part of systems for revealing plagiarism"

 expected:<A central repository of publication results, implemented as a part of systems for revealing plagiarism> but was:<A central repository of publication results, implemented as a part of systems for revealing ...>
	at org.testng.Assert.fail(Assert.java:89)
	at org.testng.Assert.failNotEquals(Assert.java:480)
	at org.testng.Assert.assertEquals(Assert.java:118)
	at tests.TestBase.assertEquals(TestBase.java:268)
	at tests.TestBase.verifyEquals(TestBase.java:332)
	at tests.AgendaLide.checkPublications(AgendaLide.java:523)
	at sun.reflect.NativeMethodAccessorImpl.invoke0(Native Method)
	at sun.reflect.NativeMethodAccessorImpl.invoke(NativeMethodAccessorImpl.java:57)
	at sun.reflect.DelegatingMethodAccessorImpl.invoke(DelegatingMethodAccessorImpl.java:43)
	at java.lang.reflect.Method.invoke(Method.java:601)
	at org.testng.internal.MethodInvocationHelper.invokeMethod(MethodInvocationHelper.java:76)
	at org.testng.internal.Invoker.invokeMethod(Invoker.java:673)
	at org.testng.internal.Invoker.invokeTestMethod(Invoker.java:846)
	at org.testng.internal.Invoker.invokeTestMethods(Invoker.java:1170)
	at org.testng.internal.TestMethodWorker.invokeTestMethods(TestMethodWorker.java:125)
	at org.testng.internal.TestMethodWorker.run(TestMethodWorker.java:109)
	at org.testng.TestRunner.runWorkers(TestRunner.java:1147)
	at org.testng.TestRunner.privateRun(TestRunner.java:749)
	at org.testng.TestRunner.run(TestRunner.java:600)
	at org.testng.SuiteRunner.runTest(SuiteRunner.java:317)
	at org.testng.SuiteRunner.runSequentially(SuiteRunner.java:312)
	at org.testng.SuiteRunner.privateRun(SuiteRunner.java:274)
	at org.testng.SuiteRunner.run(SuiteRunner.java:223)
	at org.testng.SuiteRunnerWorker.runSuite(SuiteRunnerWorker.java:52)
	at org.testng.SuiteRunnerWorker.run(SuiteRunnerWorker.java:86)
	at org.testng.TestNG.runSuitesSequentially(TestNG.java:1039)
	at org.testng.TestNG.runSuitesSequentially(TestNG.java:1035)
	at org.testng.TestNG.runSuitesLocally(TestNG.java:964)
	at org.testng.TestNG.run(TestNG.java:900)
	at org.testng.TestNG.privateMain(TestNG.java:1182)
	at org.testng.TestNG.main(TestNG.java:1146)



Failure 2 of 3:
java.lang.AssertionError: 

Failure on page (title, link):
E-learning 2.0, or Sharing Educational Contents and Specialized Knowledge by Means of Information ...
https://is.muni.cz/publication/868967/cs?lang=cs

Additional information:
Verify that "css=h1#nadpis" matches "E-learning 2.0, or Sharing Educational Contents and Specialized Knowledge by Means of Information System of Masaryk University (IS MU)"

 expected:<E-learning 2.0, or Sharing Educational Contents and Specialized Knowledge by Means of Information System of Masaryk University (IS MU)> but was:<E-learning 2.0, or Sharing Educational Contents and Specialized Knowledge by Means of Information ...>
	at org.testng.Assert.fail(Assert.java:89)
	at org.testng.Assert.failNotEquals(Assert.java:480)
	at org.testng.Assert.assertEquals(Assert.java:118)
	at tests.TestBase.assertEquals(TestBase.java:268)
	at tests.TestBase.verifyEquals(TestBase.java:332)
	at tests.AgendaLide.checkPublications(AgendaLide.java:523)
	at sun.reflect.NativeMethodAccessorImpl.invoke0(Native Method)
	at sun.reflect.NativeMethodAccessorImpl.invoke(NativeMethodAccessorImpl.java:57)
	at sun.reflect.DelegatingMethodAccessorImpl.invoke(DelegatingMethodAccessorImpl.java:43)
	at java.lang.reflect.Method.invoke(Method.java:601)
	at org.testng.internal.MethodInvocationHelper.invokeMethod(MethodInvocationHelper.java:76)
	at org.testng.internal.Invoker.invokeMethod(Invoker.java:673)
	at org.testng.internal.Invoker.invokeTestMethod(Invoker.java:846)
	at org.testng.internal.Invoker.invokeTestMethods(Invoker.java:1170)
	at org.testng.internal.TestMethodWorker.invokeTestMethods(TestMethodWorker.java:125)
	at org.testng.internal.TestMethodWorker.run(TestMethodWorker.java:109)
	at org.testng.TestRunner.runWorkers(TestRunner.java:1147)
	at org.testng.TestRunner.privateRun(TestRunner.java:749)
	at org.testng.TestRunner.run(TestRunner.java:600)
	at org.testng.SuiteRunner.runTest(SuiteRunner.java:317)
	at org.testng.SuiteRunner.runSequentially(SuiteRunner.java:312)
	at org.testng.SuiteRunner.privateRun(SuiteRunner.java:274)
	at org.testng.SuiteRunner.run(SuiteRunner.java:223)
	at org.testng.SuiteRunnerWorker.runSuite(SuiteRunnerWorker.java:52)
	at org.testng.SuiteRunnerWorker.run(SuiteRunnerWorker.java:86)
	at org.testng.TestNG.runSuitesSequentially(TestNG.java:1039)
	at org.testng.TestNG.runSuitesSequentially(TestNG.java:1035)
	at org.testng.TestNG.runSuitesLocally(TestNG.java:964)
	at org.testng.TestNG.run(TestNG.java:900)
	at org.testng.TestNG.privateMain(TestNG.java:1182)
	at org.testng.TestNG.main(TestNG.java:1146)



Failure 3 of 3:
java.lang.AssertionError: 

Failure on page (title, link):
Plošná inovace předmětů s využitím e-learningových nástrojů Informačního systému Masarykovy ...
https://is.muni.cz/publication/860042/cs?lang=cs

Additional information:
Verify that "css=h1#nadpis" matches "Plošná inovace předmětů s využitím e-learningových nástrojů Informačního systému Masarykovy univerzity (IS MU)"

 expected:<Plošná inovace předmětů s využitím e-learningových nástrojů Informačního systému Masarykovy univerzity (IS MU)> but was:<Plošná inovace předmětů s využitím e-learningových nástrojů Informačního systému Masarykovy ...>
	at org.testng.Assert.fail(Assert.java:89)
	at org.testng.Assert.failNotEquals(Assert.java:480)
	at org.testng.Assert.assertEquals(Assert.java:118)
	at tests.TestBase.assertEquals(TestBase.java:268)
	at tests.TestBase.verifyEquals(TestBase.java:332)
	at tests.AgendaLide.checkPublications(AgendaLide.java:523)
	at sun.reflect.NativeMethodAccessorImpl.invoke0(Native Method)
	at sun.reflect.NativeMethodAccessorImpl.invoke(NativeMethodAccessorImpl.java:57)
	at sun.reflect.DelegatingMethodAccessorImpl.invoke(DelegatingMethodAccessorImpl.java:43)
	at java.lang.reflect.Method.invoke(Method.java:601)
	at org.testng.internal.MethodInvocationHelper.invokeMethod(MethodInvocationHelper.java:76)
	at org.testng.internal.Invoker.invokeMethod(Invoker.java:673)
	at org.testng.internal.Invoker.invokeTestMethod(Invoker.java:846)
	at org.testng.internal.Invoker.invokeTestMethods(Invoker.java:1170)
	at org.testng.internal.TestMethodWorker.invokeTestMethods(TestMethodWorker.java:125)
	at org.testng.internal.TestMethodWorker.run(TestMethodWorker.java:109)
	at org.testng.TestRunner.runWorkers(TestRunner.java:1147)
	at org.testng.TestRunner.privateRun(TestRunner.java:749)
	at org.testng.TestRunner.run(TestRunner.java:600)
	at org.testng.SuiteRunner.runTest(SuiteRunner.java:317)
	at org.testng.SuiteRunner.runSequentially(SuiteRunner.java:312)
	at org.testng.SuiteRunner.privateRun(SuiteRunner.java:274)
	at org.testng.SuiteRunner.run(SuiteRunner.java:223)
	at org.testng.SuiteRunnerWorker.runSuite(SuiteRunnerWorker.java:52)
	at org.testng.SuiteRunnerWorker.run(SuiteRunnerWorker.java:86)
	at org.testng.TestNG.runSuitesSequentially(TestNG.java:1039)
	at org.testng.TestNG.runSuitesSequentially(TestNG.java:1035)
	at org.testng.TestNG.runSuitesLocally(TestNG.java:964)
	at org.testng.TestNG.run(TestNG.java:900)
	at org.testng.TestNG.privateMain(TestNG.java:1182)
	at org.testng.TestNG.main(TestNG.java:1146)
]]>
            </full-stacktrace>
          </exception>
        </test-method>
        <test-method status="PASS" signature="stopSelenium()" name="stopSelenium" is-config="true" duration-ms="312" started-at="2011-12-27T20:38:40Z" finished-at="2011-12-27T20:38:41Z">
        </test-method>
      </class>
    </test>
  </suite>
</testng-results>
